ARM GAS  C:\Users\justi\AppData\Local\Temp\ccVbJEkG.s 			page 1


   1              		.cpu cortex-m0plus
   2              		.arch armv6s-m
   3              		.fpu softvfp
   4              		.eabi_attribute 20, 1
   5              		.eabi_attribute 21, 1
   6              		.eabi_attribute 23, 3
   7              		.eabi_attribute 24, 1
   8              		.eabi_attribute 25, 1
   9              		.eabi_attribute 26, 1
  10              		.eabi_attribute 30, 1
  11              		.eabi_attribute 34, 0
  12              		.eabi_attribute 18, 4
  13              		.file	"gpio.c"
  14              		.text
  15              	.Ltext0:
  16              		.cfi_sections	.debug_frame
  17              		.file 1 "Core/Src/gpio.c"
  18              		.section	.text.MX_GPIO_Init,"ax",%progbits
  19              		.align	1
  20              		.global	MX_GPIO_Init
  21              		.syntax unified
  22              		.code	16
  23              		.thumb_func
  25              	MX_GPIO_Init:
  26              	.LFB40:
   1:Core/Src/gpio.c **** /* USER CODE BEGIN Header */
   2:Core/Src/gpio.c **** /**
   3:Core/Src/gpio.c ****   ******************************************************************************
   4:Core/Src/gpio.c ****   * @file    gpio.c
   5:Core/Src/gpio.c ****   * @brief   This file provides code for the configuration
   6:Core/Src/gpio.c ****   *          of all used GPIO pins.
   7:Core/Src/gpio.c ****   ******************************************************************************
   8:Core/Src/gpio.c ****   * @attention
   9:Core/Src/gpio.c ****   *
  10:Core/Src/gpio.c ****   * Copyright (c) 2024 STMicroelectronics.
  11:Core/Src/gpio.c ****   * All rights reserved.
  12:Core/Src/gpio.c ****   *
  13:Core/Src/gpio.c ****   * This software is licensed under terms that can be found in the LICENSE file
  14:Core/Src/gpio.c ****   * in the root directory of this software component.
  15:Core/Src/gpio.c ****   * If no LICENSE file comes with this software, it is provided AS-IS.
  16:Core/Src/gpio.c ****   *
  17:Core/Src/gpio.c ****   ******************************************************************************
  18:Core/Src/gpio.c ****   */
  19:Core/Src/gpio.c **** /* USER CODE END Header */
  20:Core/Src/gpio.c **** 
  21:Core/Src/gpio.c **** /* Includes ------------------------------------------------------------------*/
  22:Core/Src/gpio.c **** #include "gpio.h"
  23:Core/Src/gpio.c **** 
  24:Core/Src/gpio.c **** /* USER CODE BEGIN 0 */
  25:Core/Src/gpio.c **** 
  26:Core/Src/gpio.c **** /* USER CODE END 0 */
  27:Core/Src/gpio.c **** 
  28:Core/Src/gpio.c **** /*----------------------------------------------------------------------------*/
  29:Core/Src/gpio.c **** /* Configure GPIO                                                             */
  30:Core/Src/gpio.c **** /*----------------------------------------------------------------------------*/
  31:Core/Src/gpio.c **** /* USER CODE BEGIN 1 */
  32:Core/Src/gpio.c **** 
ARM GAS  C:\Users\justi\AppData\Local\Temp\ccVbJEkG.s 			page 2


  33:Core/Src/gpio.c **** /* USER CODE END 1 */
  34:Core/Src/gpio.c **** 
  35:Core/Src/gpio.c **** /** Configure pins
  36:Core/Src/gpio.c ****      PA0-CK_IN   ------> ADC_IN0
  37:Core/Src/gpio.c ****      PA3   ------> ADC_IN3
  38:Core/Src/gpio.c **** */
  39:Core/Src/gpio.c **** void MX_GPIO_Init(void)
  40:Core/Src/gpio.c **** {
  27              		.loc 1 40 1 view -0
  28              		.cfi_startproc
  29              		@ args = 0, pretend = 0, frame = 32
  30              		@ frame_needed = 0, uses_anonymous_args = 0
  31 0000 F0B5     		push	{r4, r5, r6, r7, lr}
  32              		.cfi_def_cfa_offset 20
  33              		.cfi_offset 4, -20
  34              		.cfi_offset 5, -16
  35              		.cfi_offset 6, -12
  36              		.cfi_offset 7, -8
  37              		.cfi_offset 14, -4
  38 0002 C646     		mov	lr, r8
  39 0004 00B5     		push	{lr}
  40              		.cfi_def_cfa_offset 24
  41              		.cfi_offset 8, -24
  42 0006 88B0     		sub	sp, sp, #32
  43              		.cfi_def_cfa_offset 56
  41:Core/Src/gpio.c **** 
  42:Core/Src/gpio.c ****   GPIO_InitTypeDef GPIO_InitStruct = {0};
  44              		.loc 1 42 3 view .LVU1
  45              		.loc 1 42 20 is_stmt 0 view .LVU2
  46 0008 1422     		movs	r2, #20
  47 000a 0021     		movs	r1, #0
  48 000c 03A8     		add	r0, sp, #12
  49 000e FFF7FEFF 		bl	memset
  50              	.LVL0:
  43:Core/Src/gpio.c **** 
  44:Core/Src/gpio.c ****   /* GPIO Ports Clock Enable */
  45:Core/Src/gpio.c ****   __HAL_RCC_GPIOC_CLK_ENABLE();
  51              		.loc 1 45 3 is_stmt 1 view .LVU3
  52              	.LBB2:
  53              		.loc 1 45 3 view .LVU4
  54              		.loc 1 45 3 view .LVU5
  55 0012 394B     		ldr	r3, .L2
  56 0014 D96A     		ldr	r1, [r3, #44]
  57 0016 0422     		movs	r2, #4
  58 0018 1143     		orrs	r1, r2
  59 001a D962     		str	r1, [r3, #44]
  60              		.loc 1 45 3 view .LVU6
  61 001c D96A     		ldr	r1, [r3, #44]
  62 001e 0A40     		ands	r2, r1
  63 0020 0092     		str	r2, [sp]
  64              		.loc 1 45 3 view .LVU7
  65 0022 009A     		ldr	r2, [sp]
  66              	.LBE2:
  67              		.loc 1 45 3 view .LVU8
  46:Core/Src/gpio.c ****   __HAL_RCC_GPIOA_CLK_ENABLE();
  68              		.loc 1 46 3 view .LVU9
  69              	.LBB3:
ARM GAS  C:\Users\justi\AppData\Local\Temp\ccVbJEkG.s 			page 3


  70              		.loc 1 46 3 view .LVU10
  71              		.loc 1 46 3 view .LVU11
  72 0024 DA6A     		ldr	r2, [r3, #44]
  73 0026 0125     		movs	r5, #1
  74 0028 2A43     		orrs	r2, r5
  75 002a DA62     		str	r2, [r3, #44]
  76              		.loc 1 46 3 view .LVU12
  77 002c DA6A     		ldr	r2, [r3, #44]
  78 002e 2A40     		ands	r2, r5
  79 0030 0192     		str	r2, [sp, #4]
  80              		.loc 1 46 3 view .LVU13
  81 0032 019A     		ldr	r2, [sp, #4]
  82              	.LBE3:
  83              		.loc 1 46 3 view .LVU14
  47:Core/Src/gpio.c ****   __HAL_RCC_GPIOB_CLK_ENABLE();
  84              		.loc 1 47 3 view .LVU15
  85              	.LBB4:
  86              		.loc 1 47 3 view .LVU16
  87              		.loc 1 47 3 view .LVU17
  88 0034 D96A     		ldr	r1, [r3, #44]
  89 0036 0222     		movs	r2, #2
  90 0038 1143     		orrs	r1, r2
  91 003a D962     		str	r1, [r3, #44]
  92              		.loc 1 47 3 view .LVU18
  93 003c DB6A     		ldr	r3, [r3, #44]
  94 003e 1A40     		ands	r2, r3
  95 0040 0292     		str	r2, [sp, #8]
  96              		.loc 1 47 3 view .LVU19
  97 0042 029B     		ldr	r3, [sp, #8]
  98              	.LBE4:
  99              		.loc 1 47 3 view .LVU20
  48:Core/Src/gpio.c **** 
  49:Core/Src/gpio.c ****   /*Configure GPIO pin Output Level */
  50:Core/Src/gpio.c ****   HAL_GPIO_WritePin(GPIOC, CTRL_PWR_LIGHT_Pin|CTRL_PWR_TEMP_Pin, GPIO_PIN_SET);
 100              		.loc 1 50 3 view .LVU21
 101 0044 C024     		movs	r4, #192
 102 0046 2402     		lsls	r4, r4, #8
 103 0048 2C4B     		ldr	r3, .L2+4
 104 004a 9846     		mov	r8, r3
 105 004c 0122     		movs	r2, #1
 106 004e 2100     		movs	r1, r4
 107 0050 1800     		movs	r0, r3
 108 0052 FFF7FEFF 		bl	HAL_GPIO_WritePin
 109              	.LVL1:
  51:Core/Src/gpio.c **** 
  52:Core/Src/gpio.c ****   /*Configure GPIO pin Output Level */
  53:Core/Src/gpio.c ****   HAL_GPIO_WritePin(CTRL_PWR_RADIO_GPIO_Port, CTRL_PWR_RADIO_Pin, GPIO_PIN_SET);
 110              		.loc 1 53 3 view .LVU22
 111 0056 A026     		movs	r6, #160
 112 0058 F605     		lsls	r6, r6, #23
 113 005a 0122     		movs	r2, #1
 114 005c 0221     		movs	r1, #2
 115 005e 3000     		movs	r0, r6
 116 0060 FFF7FEFF 		bl	HAL_GPIO_WritePin
 117              	.LVL2:
  54:Core/Src/gpio.c **** 
  55:Core/Src/gpio.c ****   /*Configure GPIO pin Output Level */
ARM GAS  C:\Users\justi\AppData\Local\Temp\ccVbJEkG.s 			page 4


  56:Core/Src/gpio.c ****   HAL_GPIO_WritePin(GPIOA, E_DRV_Pin|D_DRV_Pin|DP_DRV_Pin|GRID1_DRV__Pin
 118              		.loc 1 56 3 view .LVU23
 119 0064 0022     		movs	r2, #0
 120 0066 2649     		ldr	r1, .L2+8
 121 0068 3000     		movs	r0, r6
 122 006a FFF7FEFF 		bl	HAL_GPIO_WritePin
 123              	.LVL3:
  57:Core/Src/gpio.c ****                           |GRID2_DRV_Pin|GRID3_DRV_Pin|B_DRV_Pin|C_DRV_Pin
  58:Core/Src/gpio.c ****                           |G_DRV_Pin, GPIO_PIN_RESET);
  59:Core/Src/gpio.c **** 
  60:Core/Src/gpio.c ****   /*Configure GPIO pin Output Level */
  61:Core/Src/gpio.c ****   HAL_GPIO_WritePin(GPIOB, A_DRV_Pin|F_DRV_Pin|LED1_Pin, GPIO_PIN_RESET);
 124              		.loc 1 61 3 view .LVU24
 125 006e 254F     		ldr	r7, .L2+12
 126 0070 0022     		movs	r2, #0
 127 0072 1321     		movs	r1, #19
 128 0074 3800     		movs	r0, r7
 129 0076 FFF7FEFF 		bl	HAL_GPIO_WritePin
 130              	.LVL4:
  62:Core/Src/gpio.c **** 
  63:Core/Src/gpio.c ****   /*Configure GPIO pin Output Level */
  64:Core/Src/gpio.c ****   HAL_GPIO_WritePin(GPIOB, CTRL_LEDS_Pin|LED0_Pin, GPIO_PIN_SET);
 131              		.loc 1 64 3 view .LVU25
 132 007a 0122     		movs	r2, #1
 133 007c 2821     		movs	r1, #40
 134 007e 3800     		movs	r0, r7
 135 0080 FFF7FEFF 		bl	HAL_GPIO_WritePin
 136              	.LVL5:
  65:Core/Src/gpio.c **** 
  66:Core/Src/gpio.c ****   /*Configure GPIO pins : PCPin PCPin */
  67:Core/Src/gpio.c ****   GPIO_InitStruct.Pin = CTRL_PWR_LIGHT_Pin|CTRL_PWR_TEMP_Pin;
 137              		.loc 1 67 3 view .LVU26
 138              		.loc 1 67 23 is_stmt 0 view .LVU27
 139 0084 0394     		str	r4, [sp, #12]
  68:Core/Src/gpio.c ****   GPIO_InitStruct.Mode = GPIO_MODE_OUTPUT_PP;
 140              		.loc 1 68 3 is_stmt 1 view .LVU28
 141              		.loc 1 68 24 is_stmt 0 view .LVU29
 142 0086 0495     		str	r5, [sp, #16]
  69:Core/Src/gpio.c ****   GPIO_InitStruct.Pull = GPIO_NOPULL;
 143              		.loc 1 69 3 is_stmt 1 view .LVU30
 144              		.loc 1 69 24 is_stmt 0 view .LVU31
 145 0088 0024     		movs	r4, #0
 146 008a 0594     		str	r4, [sp, #20]
  70:Core/Src/gpio.c ****   GPIO_InitStruct.Speed = GPIO_SPEED_FREQ_LOW;
 147              		.loc 1 70 3 is_stmt 1 view .LVU32
 148              		.loc 1 70 25 is_stmt 0 view .LVU33
 149 008c 0694     		str	r4, [sp, #24]
  71:Core/Src/gpio.c ****   HAL_GPIO_Init(GPIOC, &GPIO_InitStruct);
 150              		.loc 1 71 3 is_stmt 1 view .LVU34
 151 008e 03A9     		add	r1, sp, #12
 152 0090 4046     		mov	r0, r8
 153 0092 FFF7FEFF 		bl	HAL_GPIO_Init
 154              	.LVL6:
  72:Core/Src/gpio.c **** 
  73:Core/Src/gpio.c ****   /*Configure GPIO pins : PAPin PAPin */
  74:Core/Src/gpio.c ****   GPIO_InitStruct.Pin = SENSE_LIGHT_Pin|SENSE_PWR_Pin;
 155              		.loc 1 74 3 view .LVU35
ARM GAS  C:\Users\justi\AppData\Local\Temp\ccVbJEkG.s 			page 5


 156              		.loc 1 74 23 is_stmt 0 view .LVU36
 157 0096 0923     		movs	r3, #9
 158 0098 0393     		str	r3, [sp, #12]
  75:Core/Src/gpio.c ****   GPIO_InitStruct.Mode = GPIO_MODE_ANALOG;
 159              		.loc 1 75 3 is_stmt 1 view .LVU37
 160              		.loc 1 75 24 is_stmt 0 view .LVU38
 161 009a 063B     		subs	r3, r3, #6
 162 009c 0493     		str	r3, [sp, #16]
  76:Core/Src/gpio.c ****   GPIO_InitStruct.Pull = GPIO_NOPULL;
 163              		.loc 1 76 3 is_stmt 1 view .LVU39
 164              		.loc 1 76 24 is_stmt 0 view .LVU40
 165 009e 0594     		str	r4, [sp, #20]
  77:Core/Src/gpio.c ****   HAL_GPIO_Init(GPIOA, &GPIO_InitStruct);
 166              		.loc 1 77 3 is_stmt 1 view .LVU41
 167 00a0 03A9     		add	r1, sp, #12
 168 00a2 3000     		movs	r0, r6
 169 00a4 FFF7FEFF 		bl	HAL_GPIO_Init
 170              	.LVL7:
  78:Core/Src/gpio.c **** 
  79:Core/Src/gpio.c ****   /*Configure GPIO pins : PAPin PAPin PAPin PAPin
  80:Core/Src/gpio.c ****                            PAPin PAPin PAPin PAPin
  81:Core/Src/gpio.c ****                            PAPin PAPin */
  82:Core/Src/gpio.c ****   GPIO_InitStruct.Pin = CTRL_PWR_RADIO_Pin|E_DRV_Pin|D_DRV_Pin|DP_DRV_Pin
 171              		.loc 1 82 3 view .LVU42
 172              		.loc 1 82 23 is_stmt 0 view .LVU43
 173 00a8 174B     		ldr	r3, .L2+16
 174 00aa 0393     		str	r3, [sp, #12]
  83:Core/Src/gpio.c ****                           |GRID1_DRV__Pin|GRID2_DRV_Pin|GRID3_DRV_Pin|B_DRV_Pin
  84:Core/Src/gpio.c ****                           |C_DRV_Pin|G_DRV_Pin;
  85:Core/Src/gpio.c ****   GPIO_InitStruct.Mode = GPIO_MODE_OUTPUT_PP;
 175              		.loc 1 85 3 is_stmt 1 view .LVU44
 176              		.loc 1 85 24 is_stmt 0 view .LVU45
 177 00ac 0495     		str	r5, [sp, #16]
  86:Core/Src/gpio.c ****   GPIO_InitStruct.Pull = GPIO_NOPULL;
 178              		.loc 1 86 3 is_stmt 1 view .LVU46
 179              		.loc 1 86 24 is_stmt 0 view .LVU47
 180 00ae 0594     		str	r4, [sp, #20]
  87:Core/Src/gpio.c ****   GPIO_InitStruct.Speed = GPIO_SPEED_FREQ_LOW;
 181              		.loc 1 87 3 is_stmt 1 view .LVU48
 182              		.loc 1 87 25 is_stmt 0 view .LVU49
 183 00b0 0694     		str	r4, [sp, #24]
  88:Core/Src/gpio.c ****   HAL_GPIO_Init(GPIOA, &GPIO_InitStruct);
 184              		.loc 1 88 3 is_stmt 1 view .LVU50
 185 00b2 03A9     		add	r1, sp, #12
 186 00b4 3000     		movs	r0, r6
 187 00b6 FFF7FEFF 		bl	HAL_GPIO_Init
 188              	.LVL8:
  89:Core/Src/gpio.c **** 
  90:Core/Src/gpio.c ****   /*Configure GPIO pins : PBPin PBPin PBPin PBPin
  91:Core/Src/gpio.c ****                            PBPin */
  92:Core/Src/gpio.c ****   GPIO_InitStruct.Pin = A_DRV_Pin|F_DRV_Pin|CTRL_LEDS_Pin|LED1_Pin
 189              		.loc 1 92 3 view .LVU51
 190              		.loc 1 92 23 is_stmt 0 view .LVU52
 191 00ba 3B23     		movs	r3, #59
 192 00bc 0393     		str	r3, [sp, #12]
  93:Core/Src/gpio.c ****                           |LED0_Pin;
  94:Core/Src/gpio.c ****   GPIO_InitStruct.Mode = GPIO_MODE_OUTPUT_PP;
ARM GAS  C:\Users\justi\AppData\Local\Temp\ccVbJEkG.s 			page 6


 193              		.loc 1 94 3 is_stmt 1 view .LVU53
 194              		.loc 1 94 24 is_stmt 0 view .LVU54
 195 00be 0495     		str	r5, [sp, #16]
  95:Core/Src/gpio.c ****   GPIO_InitStruct.Pull = GPIO_NOPULL;
 196              		.loc 1 95 3 is_stmt 1 view .LVU55
 197              		.loc 1 95 24 is_stmt 0 view .LVU56
 198 00c0 0594     		str	r4, [sp, #20]
  96:Core/Src/gpio.c ****   GPIO_InitStruct.Speed = GPIO_SPEED_FREQ_LOW;
 199              		.loc 1 96 3 is_stmt 1 view .LVU57
 200              		.loc 1 96 25 is_stmt 0 view .LVU58
 201 00c2 0694     		str	r4, [sp, #24]
  97:Core/Src/gpio.c ****   HAL_GPIO_Init(GPIOB, &GPIO_InitStruct);
 202              		.loc 1 97 3 is_stmt 1 view .LVU59
 203 00c4 03A9     		add	r1, sp, #12
 204 00c6 3800     		movs	r0, r7
 205 00c8 FFF7FEFF 		bl	HAL_GPIO_Init
 206              	.LVL9:
  98:Core/Src/gpio.c **** 
  99:Core/Src/gpio.c ****   /*Configure GPIO pin : PtPin */
 100:Core/Src/gpio.c ****   GPIO_InitStruct.Pin = PB0_Pin;
 207              		.loc 1 100 3 view .LVU60
 208              		.loc 1 100 23 is_stmt 0 view .LVU61
 209 00cc 8023     		movs	r3, #128
 210 00ce 1B02     		lsls	r3, r3, #8
 211 00d0 0393     		str	r3, [sp, #12]
 101:Core/Src/gpio.c ****   GPIO_InitStruct.Mode = GPIO_MODE_INPUT;
 212              		.loc 1 101 3 is_stmt 1 view .LVU62
 213              		.loc 1 101 24 is_stmt 0 view .LVU63
 214 00d2 0494     		str	r4, [sp, #16]
 102:Core/Src/gpio.c ****   GPIO_InitStruct.Pull = GPIO_PULLUP;
 215              		.loc 1 102 3 is_stmt 1 view .LVU64
 216              		.loc 1 102 24 is_stmt 0 view .LVU65
 217 00d4 0595     		str	r5, [sp, #20]
 103:Core/Src/gpio.c ****   HAL_GPIO_Init(PB0_GPIO_Port, &GPIO_InitStruct);
 218              		.loc 1 103 3 is_stmt 1 view .LVU66
 219 00d6 03A9     		add	r1, sp, #12
 220 00d8 3000     		movs	r0, r6
 221 00da FFF7FEFF 		bl	HAL_GPIO_Init
 222              	.LVL10:
 104:Core/Src/gpio.c **** 
 105:Core/Src/gpio.c ****   /*Configure GPIO pin : PtPin */
 106:Core/Src/gpio.c ****   GPIO_InitStruct.Pin = PB1_Pin;
 223              		.loc 1 106 3 view .LVU67
 224              		.loc 1 106 23 is_stmt 0 view .LVU68
 225 00de 8023     		movs	r3, #128
 226 00e0 9B00     		lsls	r3, r3, #2
 227 00e2 0393     		str	r3, [sp, #12]
 107:Core/Src/gpio.c ****   GPIO_InitStruct.Mode = GPIO_MODE_INPUT;
 228              		.loc 1 107 3 is_stmt 1 view .LVU69
 229              		.loc 1 107 24 is_stmt 0 view .LVU70
 230 00e4 0494     		str	r4, [sp, #16]
 108:Core/Src/gpio.c ****   GPIO_InitStruct.Pull = GPIO_NOPULL;
 231              		.loc 1 108 3 is_stmt 1 view .LVU71
 232              		.loc 1 108 24 is_stmt 0 view .LVU72
 233 00e6 0594     		str	r4, [sp, #20]
 109:Core/Src/gpio.c ****   HAL_GPIO_Init(PB1_GPIO_Port, &GPIO_InitStruct);
 234              		.loc 1 109 3 is_stmt 1 view .LVU73
ARM GAS  C:\Users\justi\AppData\Local\Temp\ccVbJEkG.s 			page 7


 235 00e8 03A9     		add	r1, sp, #12
 236 00ea 3800     		movs	r0, r7
 237 00ec FFF7FEFF 		bl	HAL_GPIO_Init
 238              	.LVL11:
 110:Core/Src/gpio.c **** 
 111:Core/Src/gpio.c **** }
 239              		.loc 1 111 1 is_stmt 0 view .LVU74
 240 00f0 08B0     		add	sp, sp, #32
 241              		@ sp needed
 242 00f2 80BC     		pop	{r7}
 243 00f4 B846     		mov	r8, r7
 244 00f6 F0BD     		pop	{r4, r5, r6, r7, pc}
 245              	.L3:
 246              		.align	2
 247              	.L2:
 248 00f8 00100240 		.word	1073876992
 249 00fc 00080050 		.word	1342179328
 250 0100 F01F0000 		.word	8176
 251 0104 00040050 		.word	1342178304
 252 0108 F21F0000 		.word	8178
 253              		.cfi_endproc
 254              	.LFE40:
 256              		.text
 257              	.Letext0:
 258              		.file 2 "c:\\users\\justi\\appdata\\roaming\\code\\user\\globalstorage\\bmd.stm32-for-vscode\\@xpa
 259              		.file 3 "c:\\users\\justi\\appdata\\roaming\\code\\user\\globalstorage\\bmd.stm32-for-vscode\\@xpa
 260              		.file 4 "Drivers/CMSIS/Device/ST/STM32L0xx/Include/stm32l010x4.h"
 261              		.file 5 "Drivers/STM32L0xx_HAL_Driver/Inc/stm32l0xx_hal_gpio.h"
 262              		.file 6 "<built-in>"
ARM GAS  C:\Users\justi\AppData\Local\Temp\ccVbJEkG.s 			page 8


DEFINED SYMBOLS
                            *ABS*:00000000 gpio.c
C:\Users\justi\AppData\Local\Temp\ccVbJEkG.s:19     .text.MX_GPIO_Init:00000000 $t
C:\Users\justi\AppData\Local\Temp\ccVbJEkG.s:25     .text.MX_GPIO_Init:00000000 MX_GPIO_Init
C:\Users\justi\AppData\Local\Temp\ccVbJEkG.s:248    .text.MX_GPIO_Init:000000f8 $d

UNDEFINED SYMBOLS
memset
HAL_GPIO_WritePin
HAL_GPIO_Init
