ARM GAS  C:\Users\justi\AppData\Local\Temp\ccDVHBgi.s 			page 1


   1              		.cpu cortex-m0plus
   2              		.arch armv6s-m
   3              		.fpu softvfp
   4              		.eabi_attribute 20, 1
   5              		.eabi_attribute 21, 1
   6              		.eabi_attribute 23, 3
   7              		.eabi_attribute 24, 1
   8              		.eabi_attribute 25, 1
   9              		.eabi_attribute 26, 1
  10              		.eabi_attribute 30, 1
  11              		.eabi_attribute 34, 0
  12              		.eabi_attribute 18, 4
  13              		.file	"main.c"
  14              		.text
  15              	.Ltext0:
  16              		.cfi_sections	.debug_frame
  17              		.file 1 "Core/Src/main.c"
  18              		.section	.text.Error_Handler,"ax",%progbits
  19              		.align	1
  20              		.global	Error_Handler
  21              		.syntax unified
  22              		.code	16
  23              		.thumb_func
  25              	Error_Handler:
  26              	.LFB42:
   1:Core/Src/main.c **** /* USER CODE BEGIN Header */
   2:Core/Src/main.c **** /**
   3:Core/Src/main.c ****   ******************************************************************************
   4:Core/Src/main.c ****   * @file           : main.c
   5:Core/Src/main.c ****   * @brief          : Main program body
   6:Core/Src/main.c ****   ******************************************************************************
   7:Core/Src/main.c ****   * @attention
   8:Core/Src/main.c ****   *
   9:Core/Src/main.c ****   * Copyright (c) 2024 STMicroelectronics.
  10:Core/Src/main.c ****   * All rights reserved.
  11:Core/Src/main.c ****   *
  12:Core/Src/main.c ****   * This software is licensed under terms that can be found in the LICENSE file
  13:Core/Src/main.c ****   * in the root directory of this software component.
  14:Core/Src/main.c ****   * If no LICENSE file comes with this software, it is provided AS-IS.
  15:Core/Src/main.c ****   *
  16:Core/Src/main.c ****   ******************************************************************************
  17:Core/Src/main.c ****   */
  18:Core/Src/main.c **** /* USER CODE END Header */
  19:Core/Src/main.c **** /* Includes ------------------------------------------------------------------*/
  20:Core/Src/main.c **** #include "main.h"
  21:Core/Src/main.c **** #include "adc.h"
  22:Core/Src/main.c **** #include "i2c.h"
  23:Core/Src/main.c **** #include "usart.h"
  24:Core/Src/main.c **** #include "gpio.h"
  25:Core/Src/main.c **** 
  26:Core/Src/main.c **** /* Private includes ----------------------------------------------------------*/
  27:Core/Src/main.c **** /* USER CODE BEGIN Includes */
  28:Core/Src/main.c **** 
  29:Core/Src/main.c **** /* USER CODE END Includes */
  30:Core/Src/main.c **** 
  31:Core/Src/main.c **** /* Private typedef -----------------------------------------------------------*/
  32:Core/Src/main.c **** /* USER CODE BEGIN PTD */
ARM GAS  C:\Users\justi\AppData\Local\Temp\ccDVHBgi.s 			page 2


  33:Core/Src/main.c **** 
  34:Core/Src/main.c **** /* USER CODE END PTD */
  35:Core/Src/main.c **** 
  36:Core/Src/main.c **** /* Private define ------------------------------------------------------------*/
  37:Core/Src/main.c **** /* USER CODE BEGIN PD */
  38:Core/Src/main.c **** 
  39:Core/Src/main.c **** /* USER CODE END PD */
  40:Core/Src/main.c **** 
  41:Core/Src/main.c **** /* Private macro -------------------------------------------------------------*/
  42:Core/Src/main.c **** /* USER CODE BEGIN PM */
  43:Core/Src/main.c **** 
  44:Core/Src/main.c **** /* USER CODE END PM */
  45:Core/Src/main.c **** 
  46:Core/Src/main.c **** /* Private variables ---------------------------------------------------------*/
  47:Core/Src/main.c **** 
  48:Core/Src/main.c **** /* USER CODE BEGIN PV */
  49:Core/Src/main.c **** uint16_t temp_val;
  50:Core/Src/main.c **** uint16_t humid_val;
  51:Core/Src/main.c **** uint16_t light_val;
  52:Core/Src/main.c **** uint16_t battery_val;
  53:Core/Src/main.c **** /* USER CODE END PV */
  54:Core/Src/main.c **** 
  55:Core/Src/main.c **** /* Private function prototypes -----------------------------------------------*/
  56:Core/Src/main.c **** void SystemClock_Config(void);
  57:Core/Src/main.c **** /* USER CODE BEGIN PFP */
  58:Core/Src/main.c **** 
  59:Core/Src/main.c **** /* USER CODE END PFP */
  60:Core/Src/main.c **** 
  61:Core/Src/main.c **** /* Private user code ---------------------------------------------------------*/
  62:Core/Src/main.c **** /* USER CODE BEGIN 0 */
  63:Core/Src/main.c **** 
  64:Core/Src/main.c **** /* USER CODE END 0 */
  65:Core/Src/main.c **** 
  66:Core/Src/main.c **** /**
  67:Core/Src/main.c ****   * @brief  The application entry point.
  68:Core/Src/main.c ****   * @retval int
  69:Core/Src/main.c ****   */
  70:Core/Src/main.c **** int main(void)
  71:Core/Src/main.c **** {
  72:Core/Src/main.c ****   /* USER CODE BEGIN 1 */
  73:Core/Src/main.c **** 
  74:Core/Src/main.c ****   /* USER CODE END 1 */
  75:Core/Src/main.c **** 
  76:Core/Src/main.c ****   /* MCU Configuration--------------------------------------------------------*/
  77:Core/Src/main.c **** 
  78:Core/Src/main.c ****   /* Reset of all peripherals, Initializes the Flash interface and the Systick. */
  79:Core/Src/main.c ****   HAL_Init();
  80:Core/Src/main.c **** 
  81:Core/Src/main.c ****   /* USER CODE BEGIN Init */
  82:Core/Src/main.c **** 
  83:Core/Src/main.c ****   /* USER CODE END Init */
  84:Core/Src/main.c **** 
  85:Core/Src/main.c ****   /* Configure the system clock */
  86:Core/Src/main.c ****   SystemClock_Config();
  87:Core/Src/main.c **** 
  88:Core/Src/main.c ****   /* USER CODE BEGIN SysInit */
  89:Core/Src/main.c **** 
ARM GAS  C:\Users\justi\AppData\Local\Temp\ccDVHBgi.s 			page 3


  90:Core/Src/main.c ****   /* USER CODE END SysInit */
  91:Core/Src/main.c **** 
  92:Core/Src/main.c ****   /* Initialize all configured peripherals */
  93:Core/Src/main.c ****   MX_GPIO_Init();
  94:Core/Src/main.c ****   MX_ADC_Init();
  95:Core/Src/main.c ****   MX_I2C1_Init();
  96:Core/Src/main.c ****   MX_USART2_UART_Init();
  97:Core/Src/main.c ****   /* USER CODE BEGIN 2 */
  98:Core/Src/main.c **** 
  99:Core/Src/main.c ****   /* USER CODE END 2 */
 100:Core/Src/main.c **** 
 101:Core/Src/main.c ****   /* Infinite loop */
 102:Core/Src/main.c ****   /* USER CODE BEGIN WHILE */
 103:Core/Src/main.c ****   while (1)
 104:Core/Src/main.c ****   {
 105:Core/Src/main.c ****     temp_val++;
 106:Core/Src/main.c ****     humid_val++;
 107:Core/Src/main.c ****     light_val++;
 108:Core/Src/main.c ****     battery_val++;
 109:Core/Src/main.c ****     HAL_Delay(1000);
 110:Core/Src/main.c ****     /* USER CODE END WHILE */
 111:Core/Src/main.c **** 
 112:Core/Src/main.c ****     /* USER CODE BEGIN 3 */
 113:Core/Src/main.c ****   }
 114:Core/Src/main.c ****   /* USER CODE END 3 */
 115:Core/Src/main.c **** }
 116:Core/Src/main.c **** 
 117:Core/Src/main.c **** /**
 118:Core/Src/main.c ****   * @brief System Clock Configuration
 119:Core/Src/main.c ****   * @retval None
 120:Core/Src/main.c ****   */
 121:Core/Src/main.c **** void SystemClock_Config(void)
 122:Core/Src/main.c **** {
 123:Core/Src/main.c ****   RCC_OscInitTypeDef RCC_OscInitStruct = {0};
 124:Core/Src/main.c ****   RCC_ClkInitTypeDef RCC_ClkInitStruct = {0};
 125:Core/Src/main.c ****   RCC_PeriphCLKInitTypeDef PeriphClkInit = {0};
 126:Core/Src/main.c **** 
 127:Core/Src/main.c ****   /** Configure the main internal regulator output voltage
 128:Core/Src/main.c ****   */
 129:Core/Src/main.c ****   __HAL_PWR_VOLTAGESCALING_CONFIG(PWR_REGULATOR_VOLTAGE_SCALE1);
 130:Core/Src/main.c **** 
 131:Core/Src/main.c ****   /** Initializes the RCC Oscillators according to the specified parameters
 132:Core/Src/main.c ****   * in the RCC_OscInitTypeDef structure.
 133:Core/Src/main.c ****   */
 134:Core/Src/main.c ****   RCC_OscInitStruct.OscillatorType = RCC_OSCILLATORTYPE_HSI;
 135:Core/Src/main.c ****   RCC_OscInitStruct.HSIState = RCC_HSI_ON;
 136:Core/Src/main.c ****   RCC_OscInitStruct.HSICalibrationValue = RCC_HSICALIBRATION_DEFAULT;
 137:Core/Src/main.c ****   RCC_OscInitStruct.PLL.PLLState = RCC_PLL_ON;
 138:Core/Src/main.c ****   RCC_OscInitStruct.PLL.PLLSource = RCC_PLLSOURCE_HSI;
 139:Core/Src/main.c ****   RCC_OscInitStruct.PLL.PLLMUL = RCC_PLLMUL_3;
 140:Core/Src/main.c ****   RCC_OscInitStruct.PLL.PLLDIV = RCC_PLLDIV_2;
 141:Core/Src/main.c ****   if (HAL_RCC_OscConfig(&RCC_OscInitStruct) != HAL_OK)
 142:Core/Src/main.c ****   {
 143:Core/Src/main.c ****     Error_Handler();
 144:Core/Src/main.c ****   }
 145:Core/Src/main.c **** 
 146:Core/Src/main.c ****   /** Initializes the CPU, AHB and APB buses clocks
ARM GAS  C:\Users\justi\AppData\Local\Temp\ccDVHBgi.s 			page 4


 147:Core/Src/main.c ****   */
 148:Core/Src/main.c ****   RCC_ClkInitStruct.ClockType = RCC_CLOCKTYPE_HCLK|RCC_CLOCKTYPE_SYSCLK
 149:Core/Src/main.c ****                               |RCC_CLOCKTYPE_PCLK1|RCC_CLOCKTYPE_PCLK2;
 150:Core/Src/main.c ****   RCC_ClkInitStruct.SYSCLKSource = RCC_SYSCLKSOURCE_PLLCLK;
 151:Core/Src/main.c ****   RCC_ClkInitStruct.AHBCLKDivider = RCC_SYSCLK_DIV1;
 152:Core/Src/main.c ****   RCC_ClkInitStruct.APB1CLKDivider = RCC_HCLK_DIV1;
 153:Core/Src/main.c ****   RCC_ClkInitStruct.APB2CLKDivider = RCC_HCLK_DIV1;
 154:Core/Src/main.c **** 
 155:Core/Src/main.c ****   if (HAL_RCC_ClockConfig(&RCC_ClkInitStruct, FLASH_LATENCY_1) != HAL_OK)
 156:Core/Src/main.c ****   {
 157:Core/Src/main.c ****     Error_Handler();
 158:Core/Src/main.c ****   }
 159:Core/Src/main.c ****   PeriphClkInit.PeriphClockSelection = RCC_PERIPHCLK_USART2|RCC_PERIPHCLK_I2C1;
 160:Core/Src/main.c ****   PeriphClkInit.Usart2ClockSelection = RCC_USART2CLKSOURCE_PCLK1;
 161:Core/Src/main.c ****   PeriphClkInit.I2c1ClockSelection = RCC_I2C1CLKSOURCE_PCLK1;
 162:Core/Src/main.c ****   if (HAL_RCCEx_PeriphCLKConfig(&PeriphClkInit) != HAL_OK)
 163:Core/Src/main.c ****   {
 164:Core/Src/main.c ****     Error_Handler();
 165:Core/Src/main.c ****   }
 166:Core/Src/main.c **** }
 167:Core/Src/main.c **** 
 168:Core/Src/main.c **** /* USER CODE BEGIN 4 */
 169:Core/Src/main.c **** 
 170:Core/Src/main.c **** /* USER CODE END 4 */
 171:Core/Src/main.c **** 
 172:Core/Src/main.c **** /**
 173:Core/Src/main.c ****   * @brief  This function is executed in case of error occurrence.
 174:Core/Src/main.c ****   * @retval None
 175:Core/Src/main.c ****   */
 176:Core/Src/main.c **** void Error_Handler(void)
 177:Core/Src/main.c **** {
  27              		.loc 1 177 1 view -0
  28              		.cfi_startproc
  29              		@ Volatile: function does not return.
  30              		@ args = 0, pretend = 0, frame = 0
  31              		@ frame_needed = 0, uses_anonymous_args = 0
  32              		@ link register save eliminated.
 178:Core/Src/main.c ****   /* USER CODE BEGIN Error_Handler_Debug */
 179:Core/Src/main.c ****   /* User can add his own implementation to report the HAL error return state */
 180:Core/Src/main.c ****   __disable_irq();
  33              		.loc 1 180 3 view .LVU1
  34              	.LBB4:
  35              	.LBI4:
  36              		.file 2 "Drivers/CMSIS/Include/cmsis_gcc.h"
   1:Drivers/CMSIS/Include/cmsis_gcc.h **** /**************************************************************************//**
   2:Drivers/CMSIS/Include/cmsis_gcc.h ****  * @file     cmsis_gcc.h
   3:Drivers/CMSIS/Include/cmsis_gcc.h ****  * @brief    CMSIS compiler GCC header file
   4:Drivers/CMSIS/Include/cmsis_gcc.h ****  * @version  V5.0.4
   5:Drivers/CMSIS/Include/cmsis_gcc.h ****  * @date     09. April 2018
   6:Drivers/CMSIS/Include/cmsis_gcc.h ****  ******************************************************************************/
   7:Drivers/CMSIS/Include/cmsis_gcc.h **** /*
   8:Drivers/CMSIS/Include/cmsis_gcc.h ****  * Copyright (c) 2009-2018 Arm Limited. All rights reserved.
   9:Drivers/CMSIS/Include/cmsis_gcc.h ****  *
  10:Drivers/CMSIS/Include/cmsis_gcc.h ****  * SPDX-License-Identifier: Apache-2.0
  11:Drivers/CMSIS/Include/cmsis_gcc.h ****  *
  12:Drivers/CMSIS/Include/cmsis_gcc.h ****  * Licensed under the Apache License, Version 2.0 (the License); you may
  13:Drivers/CMSIS/Include/cmsis_gcc.h ****  * not use this file except in compliance with the License.
ARM GAS  C:\Users\justi\AppData\Local\Temp\ccDVHBgi.s 			page 5


  14:Drivers/CMSIS/Include/cmsis_gcc.h ****  * You may obtain a copy of the License at
  15:Drivers/CMSIS/Include/cmsis_gcc.h ****  *
  16:Drivers/CMSIS/Include/cmsis_gcc.h ****  * www.apache.org/licenses/LICENSE-2.0
  17:Drivers/CMSIS/Include/cmsis_gcc.h ****  *
  18:Drivers/CMSIS/Include/cmsis_gcc.h ****  * Unless required by applicable law or agreed to in writing, software
  19:Drivers/CMSIS/Include/cmsis_gcc.h ****  * distributed under the License is distributed on an AS IS BASIS, WITHOUT
  20:Drivers/CMSIS/Include/cmsis_gcc.h ****  * WARRANTIES OR CONDITIONS OF ANY KIND, either express or implied.
  21:Drivers/CMSIS/Include/cmsis_gcc.h ****  * See the License for the specific language governing permissions and
  22:Drivers/CMSIS/Include/cmsis_gcc.h ****  * limitations under the License.
  23:Drivers/CMSIS/Include/cmsis_gcc.h ****  */
  24:Drivers/CMSIS/Include/cmsis_gcc.h **** 
  25:Drivers/CMSIS/Include/cmsis_gcc.h **** #ifndef __CMSIS_GCC_H
  26:Drivers/CMSIS/Include/cmsis_gcc.h **** #define __CMSIS_GCC_H
  27:Drivers/CMSIS/Include/cmsis_gcc.h **** 
  28:Drivers/CMSIS/Include/cmsis_gcc.h **** /* ignore some GCC warnings */
  29:Drivers/CMSIS/Include/cmsis_gcc.h **** #pragma GCC diagnostic push
  30:Drivers/CMSIS/Include/cmsis_gcc.h **** #pragma GCC diagnostic ignored "-Wsign-conversion"
  31:Drivers/CMSIS/Include/cmsis_gcc.h **** #pragma GCC diagnostic ignored "-Wconversion"
  32:Drivers/CMSIS/Include/cmsis_gcc.h **** #pragma GCC diagnostic ignored "-Wunused-parameter"
  33:Drivers/CMSIS/Include/cmsis_gcc.h **** 
  34:Drivers/CMSIS/Include/cmsis_gcc.h **** /* Fallback for __has_builtin */
  35:Drivers/CMSIS/Include/cmsis_gcc.h **** #ifndef __has_builtin
  36:Drivers/CMSIS/Include/cmsis_gcc.h ****   #define __has_builtin(x) (0)
  37:Drivers/CMSIS/Include/cmsis_gcc.h **** #endif
  38:Drivers/CMSIS/Include/cmsis_gcc.h **** 
  39:Drivers/CMSIS/Include/cmsis_gcc.h **** /* CMSIS compiler specific defines */
  40:Drivers/CMSIS/Include/cmsis_gcc.h **** #ifndef   __ASM
  41:Drivers/CMSIS/Include/cmsis_gcc.h ****   #define __ASM                                  __asm
  42:Drivers/CMSIS/Include/cmsis_gcc.h **** #endif
  43:Drivers/CMSIS/Include/cmsis_gcc.h **** #ifndef   __INLINE
  44:Drivers/CMSIS/Include/cmsis_gcc.h ****   #define __INLINE                               inline
  45:Drivers/CMSIS/Include/cmsis_gcc.h **** #endif
  46:Drivers/CMSIS/Include/cmsis_gcc.h **** #ifndef   __STATIC_INLINE
  47:Drivers/CMSIS/Include/cmsis_gcc.h ****   #define __STATIC_INLINE                        static inline
  48:Drivers/CMSIS/Include/cmsis_gcc.h **** #endif
  49:Drivers/CMSIS/Include/cmsis_gcc.h **** #ifndef   __STATIC_FORCEINLINE                 
  50:Drivers/CMSIS/Include/cmsis_gcc.h ****   #define __STATIC_FORCEINLINE                   __attribute__((always_inline)) static inline
  51:Drivers/CMSIS/Include/cmsis_gcc.h **** #endif                                           
  52:Drivers/CMSIS/Include/cmsis_gcc.h **** #ifndef   __NO_RETURN
  53:Drivers/CMSIS/Include/cmsis_gcc.h ****   #define __NO_RETURN                            __attribute__((__noreturn__))
  54:Drivers/CMSIS/Include/cmsis_gcc.h **** #endif
  55:Drivers/CMSIS/Include/cmsis_gcc.h **** #ifndef   __USED
  56:Drivers/CMSIS/Include/cmsis_gcc.h ****   #define __USED                                 __attribute__((used))
  57:Drivers/CMSIS/Include/cmsis_gcc.h **** #endif
  58:Drivers/CMSIS/Include/cmsis_gcc.h **** #ifndef   __WEAK
  59:Drivers/CMSIS/Include/cmsis_gcc.h ****   #define __WEAK                                 __attribute__((weak))
  60:Drivers/CMSIS/Include/cmsis_gcc.h **** #endif
  61:Drivers/CMSIS/Include/cmsis_gcc.h **** #ifndef   __PACKED
  62:Drivers/CMSIS/Include/cmsis_gcc.h ****   #define __PACKED                               __attribute__((packed, aligned(1)))
  63:Drivers/CMSIS/Include/cmsis_gcc.h **** #endif
  64:Drivers/CMSIS/Include/cmsis_gcc.h **** #ifndef   __PACKED_STRUCT
  65:Drivers/CMSIS/Include/cmsis_gcc.h ****   #define __PACKED_STRUCT                        struct __attribute__((packed, aligned(1)))
  66:Drivers/CMSIS/Include/cmsis_gcc.h **** #endif
  67:Drivers/CMSIS/Include/cmsis_gcc.h **** #ifndef   __PACKED_UNION
  68:Drivers/CMSIS/Include/cmsis_gcc.h ****   #define __PACKED_UNION                         union __attribute__((packed, aligned(1)))
  69:Drivers/CMSIS/Include/cmsis_gcc.h **** #endif
  70:Drivers/CMSIS/Include/cmsis_gcc.h **** #ifndef   __UNALIGNED_UINT32        /* deprecated */
ARM GAS  C:\Users\justi\AppData\Local\Temp\ccDVHBgi.s 			page 6


  71:Drivers/CMSIS/Include/cmsis_gcc.h ****   #pragma GCC diagnostic push
  72:Drivers/CMSIS/Include/cmsis_gcc.h ****   #pragma GCC diagnostic ignored "-Wpacked"
  73:Drivers/CMSIS/Include/cmsis_gcc.h ****   #pragma GCC diagnostic ignored "-Wattributes"
  74:Drivers/CMSIS/Include/cmsis_gcc.h ****   struct __attribute__((packed)) T_UINT32 { uint32_t v; };
  75:Drivers/CMSIS/Include/cmsis_gcc.h ****   #pragma GCC diagnostic pop
  76:Drivers/CMSIS/Include/cmsis_gcc.h ****   #define __UNALIGNED_UINT32(x)                  (((struct T_UINT32 *)(x))->v)
  77:Drivers/CMSIS/Include/cmsis_gcc.h **** #endif
  78:Drivers/CMSIS/Include/cmsis_gcc.h **** #ifndef   __UNALIGNED_UINT16_WRITE
  79:Drivers/CMSIS/Include/cmsis_gcc.h ****   #pragma GCC diagnostic push
  80:Drivers/CMSIS/Include/cmsis_gcc.h ****   #pragma GCC diagnostic ignored "-Wpacked"
  81:Drivers/CMSIS/Include/cmsis_gcc.h ****   #pragma GCC diagnostic ignored "-Wattributes"
  82:Drivers/CMSIS/Include/cmsis_gcc.h ****   __PACKED_STRUCT T_UINT16_WRITE { uint16_t v; };
  83:Drivers/CMSIS/Include/cmsis_gcc.h ****   #pragma GCC diagnostic pop
  84:Drivers/CMSIS/Include/cmsis_gcc.h ****   #define __UNALIGNED_UINT16_WRITE(addr, val)    (void)((((struct T_UINT16_WRITE *)(void *)(addr))-
  85:Drivers/CMSIS/Include/cmsis_gcc.h **** #endif
  86:Drivers/CMSIS/Include/cmsis_gcc.h **** #ifndef   __UNALIGNED_UINT16_READ
  87:Drivers/CMSIS/Include/cmsis_gcc.h ****   #pragma GCC diagnostic push
  88:Drivers/CMSIS/Include/cmsis_gcc.h ****   #pragma GCC diagnostic ignored "-Wpacked"
  89:Drivers/CMSIS/Include/cmsis_gcc.h ****   #pragma GCC diagnostic ignored "-Wattributes"
  90:Drivers/CMSIS/Include/cmsis_gcc.h ****   __PACKED_STRUCT T_UINT16_READ { uint16_t v; };
  91:Drivers/CMSIS/Include/cmsis_gcc.h ****   #pragma GCC diagnostic pop
  92:Drivers/CMSIS/Include/cmsis_gcc.h ****   #define __UNALIGNED_UINT16_READ(addr)          (((const struct T_UINT16_READ *)(const void *)(add
  93:Drivers/CMSIS/Include/cmsis_gcc.h **** #endif
  94:Drivers/CMSIS/Include/cmsis_gcc.h **** #ifndef   __UNALIGNED_UINT32_WRITE
  95:Drivers/CMSIS/Include/cmsis_gcc.h ****   #pragma GCC diagnostic push
  96:Drivers/CMSIS/Include/cmsis_gcc.h ****   #pragma GCC diagnostic ignored "-Wpacked"
  97:Drivers/CMSIS/Include/cmsis_gcc.h ****   #pragma GCC diagnostic ignored "-Wattributes"
  98:Drivers/CMSIS/Include/cmsis_gcc.h ****   __PACKED_STRUCT T_UINT32_WRITE { uint32_t v; };
  99:Drivers/CMSIS/Include/cmsis_gcc.h ****   #pragma GCC diagnostic pop
 100:Drivers/CMSIS/Include/cmsis_gcc.h ****   #define __UNALIGNED_UINT32_WRITE(addr, val)    (void)((((struct T_UINT32_WRITE *)(void *)(addr))-
 101:Drivers/CMSIS/Include/cmsis_gcc.h **** #endif
 102:Drivers/CMSIS/Include/cmsis_gcc.h **** #ifndef   __UNALIGNED_UINT32_READ
 103:Drivers/CMSIS/Include/cmsis_gcc.h ****   #pragma GCC diagnostic push
 104:Drivers/CMSIS/Include/cmsis_gcc.h ****   #pragma GCC diagnostic ignored "-Wpacked"
 105:Drivers/CMSIS/Include/cmsis_gcc.h ****   #pragma GCC diagnostic ignored "-Wattributes"
 106:Drivers/CMSIS/Include/cmsis_gcc.h ****   __PACKED_STRUCT T_UINT32_READ { uint32_t v; };
 107:Drivers/CMSIS/Include/cmsis_gcc.h ****   #pragma GCC diagnostic pop
 108:Drivers/CMSIS/Include/cmsis_gcc.h ****   #define __UNALIGNED_UINT32_READ(addr)          (((const struct T_UINT32_READ *)(const void *)(add
 109:Drivers/CMSIS/Include/cmsis_gcc.h **** #endif
 110:Drivers/CMSIS/Include/cmsis_gcc.h **** #ifndef   __ALIGNED
 111:Drivers/CMSIS/Include/cmsis_gcc.h ****   #define __ALIGNED(x)                           __attribute__((aligned(x)))
 112:Drivers/CMSIS/Include/cmsis_gcc.h **** #endif
 113:Drivers/CMSIS/Include/cmsis_gcc.h **** #ifndef   __RESTRICT
 114:Drivers/CMSIS/Include/cmsis_gcc.h ****   #define __RESTRICT                             __restrict
 115:Drivers/CMSIS/Include/cmsis_gcc.h **** #endif
 116:Drivers/CMSIS/Include/cmsis_gcc.h **** 
 117:Drivers/CMSIS/Include/cmsis_gcc.h **** 
 118:Drivers/CMSIS/Include/cmsis_gcc.h **** /* ###########################  Core Function Access  ########################### */
 119:Drivers/CMSIS/Include/cmsis_gcc.h **** /** \ingroup  CMSIS_Core_FunctionInterface
 120:Drivers/CMSIS/Include/cmsis_gcc.h ****     \defgroup CMSIS_Core_RegAccFunctions CMSIS Core Register Access Functions
 121:Drivers/CMSIS/Include/cmsis_gcc.h ****   @{
 122:Drivers/CMSIS/Include/cmsis_gcc.h ****  */
 123:Drivers/CMSIS/Include/cmsis_gcc.h **** 
 124:Drivers/CMSIS/Include/cmsis_gcc.h **** /**
 125:Drivers/CMSIS/Include/cmsis_gcc.h ****   \brief   Enable IRQ Interrupts
 126:Drivers/CMSIS/Include/cmsis_gcc.h ****   \details Enables IRQ interrupts by clearing the I-bit in the CPSR.
 127:Drivers/CMSIS/Include/cmsis_gcc.h ****            Can only be executed in Privileged modes.
ARM GAS  C:\Users\justi\AppData\Local\Temp\ccDVHBgi.s 			page 7


 128:Drivers/CMSIS/Include/cmsis_gcc.h ****  */
 129:Drivers/CMSIS/Include/cmsis_gcc.h **** __STATIC_FORCEINLINE void __enable_irq(void)
 130:Drivers/CMSIS/Include/cmsis_gcc.h **** {
 131:Drivers/CMSIS/Include/cmsis_gcc.h ****   __ASM volatile ("cpsie i" : : : "memory");
 132:Drivers/CMSIS/Include/cmsis_gcc.h **** }
 133:Drivers/CMSIS/Include/cmsis_gcc.h **** 
 134:Drivers/CMSIS/Include/cmsis_gcc.h **** 
 135:Drivers/CMSIS/Include/cmsis_gcc.h **** /**
 136:Drivers/CMSIS/Include/cmsis_gcc.h ****   \brief   Disable IRQ Interrupts
 137:Drivers/CMSIS/Include/cmsis_gcc.h ****   \details Disables IRQ interrupts by setting the I-bit in the CPSR.
 138:Drivers/CMSIS/Include/cmsis_gcc.h ****            Can only be executed in Privileged modes.
 139:Drivers/CMSIS/Include/cmsis_gcc.h ****  */
 140:Drivers/CMSIS/Include/cmsis_gcc.h **** __STATIC_FORCEINLINE void __disable_irq(void)
  37              		.loc 2 140 27 view .LVU2
  38              	.LBB5:
 141:Drivers/CMSIS/Include/cmsis_gcc.h **** {
 142:Drivers/CMSIS/Include/cmsis_gcc.h ****   __ASM volatile ("cpsid i" : : : "memory");
  39              		.loc 2 142 3 view .LVU3
  40              		.syntax divided
  41              	@ 142 "Drivers/CMSIS/Include/cmsis_gcc.h" 1
  42 0000 72B6     		cpsid i
  43              	@ 0 "" 2
  44              		.thumb
  45              		.syntax unified
  46              	.L2:
  47              	.LBE5:
  48              	.LBE4:
 181:Core/Src/main.c ****   while (1)
  49              		.loc 1 181 3 discriminator 1 view .LVU4
 182:Core/Src/main.c ****   {
 183:Core/Src/main.c ****   }
  50              		.loc 1 183 3 discriminator 1 view .LVU5
 181:Core/Src/main.c ****   while (1)
  51              		.loc 1 181 9 discriminator 1 view .LVU6
  52 0002 FEE7     		b	.L2
  53              		.cfi_endproc
  54              	.LFE42:
  56              		.section	.text.SystemClock_Config,"ax",%progbits
  57              		.align	1
  58              		.global	SystemClock_Config
  59              		.syntax unified
  60              		.code	16
  61              		.thumb_func
  63              	SystemClock_Config:
  64              	.LFB41:
 122:Core/Src/main.c ****   RCC_OscInitTypeDef RCC_OscInitStruct = {0};
  65              		.loc 1 122 1 view -0
  66              		.cfi_startproc
  67              		@ args = 0, pretend = 0, frame = 96
  68              		@ frame_needed = 0, uses_anonymous_args = 0
  69 0000 00B5     		push	{lr}
  70              		.cfi_def_cfa_offset 4
  71              		.cfi_offset 14, -4
  72 0002 99B0     		sub	sp, sp, #100
  73              		.cfi_def_cfa_offset 104
 123:Core/Src/main.c ****   RCC_ClkInitTypeDef RCC_ClkInitStruct = {0};
  74              		.loc 1 123 3 view .LVU8
ARM GAS  C:\Users\justi\AppData\Local\Temp\ccDVHBgi.s 			page 8


 123:Core/Src/main.c ****   RCC_ClkInitTypeDef RCC_ClkInitStruct = {0};
  75              		.loc 1 123 22 is_stmt 0 view .LVU9
  76 0004 3422     		movs	r2, #52
  77 0006 0021     		movs	r1, #0
  78 0008 0BA8     		add	r0, sp, #44
  79 000a FFF7FEFF 		bl	memset
  80              	.LVL0:
 124:Core/Src/main.c ****   RCC_PeriphCLKInitTypeDef PeriphClkInit = {0};
  81              		.loc 1 124 3 is_stmt 1 view .LVU10
 124:Core/Src/main.c ****   RCC_PeriphCLKInitTypeDef PeriphClkInit = {0};
  82              		.loc 1 124 22 is_stmt 0 view .LVU11
  83 000e 1422     		movs	r2, #20
  84 0010 0021     		movs	r1, #0
  85 0012 06A8     		add	r0, sp, #24
  86 0014 FFF7FEFF 		bl	memset
  87              	.LVL1:
 125:Core/Src/main.c **** 
  88              		.loc 1 125 3 is_stmt 1 view .LVU12
 125:Core/Src/main.c **** 
  89              		.loc 1 125 28 is_stmt 0 view .LVU13
  90 0018 1822     		movs	r2, #24
  91 001a 0021     		movs	r1, #0
  92 001c 6846     		mov	r0, sp
  93 001e FFF7FEFF 		bl	memset
  94              	.LVL2:
 129:Core/Src/main.c **** 
  95              		.loc 1 129 3 is_stmt 1 view .LVU14
  96 0022 1D49     		ldr	r1, .L10
  97 0024 0A68     		ldr	r2, [r1]
  98 0026 1D4B     		ldr	r3, .L10+4
  99 0028 1A40     		ands	r2, r3
 100 002a 8023     		movs	r3, #128
 101 002c 1B01     		lsls	r3, r3, #4
 102 002e 1343     		orrs	r3, r2
 103 0030 0B60     		str	r3, [r1]
 134:Core/Src/main.c ****   RCC_OscInitStruct.HSIState = RCC_HSI_ON;
 104              		.loc 1 134 3 view .LVU15
 134:Core/Src/main.c ****   RCC_OscInitStruct.HSIState = RCC_HSI_ON;
 105              		.loc 1 134 36 is_stmt 0 view .LVU16
 106 0032 0223     		movs	r3, #2
 107 0034 0B93     		str	r3, [sp, #44]
 135:Core/Src/main.c ****   RCC_OscInitStruct.HSICalibrationValue = RCC_HSICALIBRATION_DEFAULT;
 108              		.loc 1 135 3 is_stmt 1 view .LVU17
 135:Core/Src/main.c ****   RCC_OscInitStruct.HSICalibrationValue = RCC_HSICALIBRATION_DEFAULT;
 109              		.loc 1 135 30 is_stmt 0 view .LVU18
 110 0036 0122     		movs	r2, #1
 111 0038 0E92     		str	r2, [sp, #56]
 136:Core/Src/main.c ****   RCC_OscInitStruct.PLL.PLLState = RCC_PLL_ON;
 112              		.loc 1 136 3 is_stmt 1 view .LVU19
 136:Core/Src/main.c ****   RCC_OscInitStruct.PLL.PLLState = RCC_PLL_ON;
 113              		.loc 1 136 41 is_stmt 0 view .LVU20
 114 003a 0F32     		adds	r2, r2, #15
 115 003c 0F92     		str	r2, [sp, #60]
 137:Core/Src/main.c ****   RCC_OscInitStruct.PLL.PLLSource = RCC_PLLSOURCE_HSI;
 116              		.loc 1 137 3 is_stmt 1 view .LVU21
 137:Core/Src/main.c ****   RCC_OscInitStruct.PLL.PLLSource = RCC_PLLSOURCE_HSI;
 117              		.loc 1 137 34 is_stmt 0 view .LVU22
ARM GAS  C:\Users\justi\AppData\Local\Temp\ccDVHBgi.s 			page 9


 118 003e 1493     		str	r3, [sp, #80]
 138:Core/Src/main.c ****   RCC_OscInitStruct.PLL.PLLMUL = RCC_PLLMUL_3;
 119              		.loc 1 138 3 is_stmt 1 view .LVU23
 138:Core/Src/main.c ****   RCC_OscInitStruct.PLL.PLLMUL = RCC_PLLMUL_3;
 120              		.loc 1 138 35 is_stmt 0 view .LVU24
 121 0040 0023     		movs	r3, #0
 122 0042 1593     		str	r3, [sp, #84]
 139:Core/Src/main.c ****   RCC_OscInitStruct.PLL.PLLDIV = RCC_PLLDIV_2;
 123              		.loc 1 139 3 is_stmt 1 view .LVU25
 139:Core/Src/main.c ****   RCC_OscInitStruct.PLL.PLLDIV = RCC_PLLDIV_2;
 124              		.loc 1 139 32 is_stmt 0 view .LVU26
 125 0044 1693     		str	r3, [sp, #88]
 140:Core/Src/main.c ****   if (HAL_RCC_OscConfig(&RCC_OscInitStruct) != HAL_OK)
 126              		.loc 1 140 3 is_stmt 1 view .LVU27
 140:Core/Src/main.c ****   if (HAL_RCC_OscConfig(&RCC_OscInitStruct) != HAL_OK)
 127              		.loc 1 140 32 is_stmt 0 view .LVU28
 128 0046 8023     		movs	r3, #128
 129 0048 DB03     		lsls	r3, r3, #15
 130 004a 1793     		str	r3, [sp, #92]
 141:Core/Src/main.c ****   {
 131              		.loc 1 141 3 is_stmt 1 view .LVU29
 141:Core/Src/main.c ****   {
 132              		.loc 1 141 7 is_stmt 0 view .LVU30
 133 004c 0BA8     		add	r0, sp, #44
 134 004e FFF7FEFF 		bl	HAL_RCC_OscConfig
 135              	.LVL3:
 141:Core/Src/main.c ****   {
 136              		.loc 1 141 6 view .LVU31
 137 0052 0028     		cmp	r0, #0
 138 0054 19D1     		bne	.L7
 148:Core/Src/main.c ****                               |RCC_CLOCKTYPE_PCLK1|RCC_CLOCKTYPE_PCLK2;
 139              		.loc 1 148 3 is_stmt 1 view .LVU32
 148:Core/Src/main.c ****                               |RCC_CLOCKTYPE_PCLK1|RCC_CLOCKTYPE_PCLK2;
 140              		.loc 1 148 31 is_stmt 0 view .LVU33
 141 0056 0F23     		movs	r3, #15
 142 0058 0693     		str	r3, [sp, #24]
 150:Core/Src/main.c ****   RCC_ClkInitStruct.AHBCLKDivider = RCC_SYSCLK_DIV1;
 143              		.loc 1 150 3 is_stmt 1 view .LVU34
 150:Core/Src/main.c ****   RCC_ClkInitStruct.AHBCLKDivider = RCC_SYSCLK_DIV1;
 144              		.loc 1 150 34 is_stmt 0 view .LVU35
 145 005a 0C3B     		subs	r3, r3, #12
 146 005c 0793     		str	r3, [sp, #28]
 151:Core/Src/main.c ****   RCC_ClkInitStruct.APB1CLKDivider = RCC_HCLK_DIV1;
 147              		.loc 1 151 3 is_stmt 1 view .LVU36
 151:Core/Src/main.c ****   RCC_ClkInitStruct.APB1CLKDivider = RCC_HCLK_DIV1;
 148              		.loc 1 151 35 is_stmt 0 view .LVU37
 149 005e 0023     		movs	r3, #0
 150 0060 0893     		str	r3, [sp, #32]
 152:Core/Src/main.c ****   RCC_ClkInitStruct.APB2CLKDivider = RCC_HCLK_DIV1;
 151              		.loc 1 152 3 is_stmt 1 view .LVU38
 152:Core/Src/main.c ****   RCC_ClkInitStruct.APB2CLKDivider = RCC_HCLK_DIV1;
 152              		.loc 1 152 36 is_stmt 0 view .LVU39
 153 0062 0993     		str	r3, [sp, #36]
 153:Core/Src/main.c **** 
 154              		.loc 1 153 3 is_stmt 1 view .LVU40
 153:Core/Src/main.c **** 
 155              		.loc 1 153 36 is_stmt 0 view .LVU41
ARM GAS  C:\Users\justi\AppData\Local\Temp\ccDVHBgi.s 			page 10


 156 0064 0A93     		str	r3, [sp, #40]
 155:Core/Src/main.c ****   {
 157              		.loc 1 155 3 is_stmt 1 view .LVU42
 155:Core/Src/main.c ****   {
 158              		.loc 1 155 7 is_stmt 0 view .LVU43
 159 0066 0121     		movs	r1, #1
 160 0068 06A8     		add	r0, sp, #24
 161 006a FFF7FEFF 		bl	HAL_RCC_ClockConfig
 162              	.LVL4:
 155:Core/Src/main.c ****   {
 163              		.loc 1 155 6 view .LVU44
 164 006e 0028     		cmp	r0, #0
 165 0070 0DD1     		bne	.L8
 159:Core/Src/main.c ****   PeriphClkInit.Usart2ClockSelection = RCC_USART2CLKSOURCE_PCLK1;
 166              		.loc 1 159 3 is_stmt 1 view .LVU45
 159:Core/Src/main.c ****   PeriphClkInit.Usart2ClockSelection = RCC_USART2CLKSOURCE_PCLK1;
 167              		.loc 1 159 38 is_stmt 0 view .LVU46
 168 0072 0A23     		movs	r3, #10
 169 0074 0093     		str	r3, [sp]
 160:Core/Src/main.c ****   PeriphClkInit.I2c1ClockSelection = RCC_I2C1CLKSOURCE_PCLK1;
 170              		.loc 1 160 3 is_stmt 1 view .LVU47
 160:Core/Src/main.c ****   PeriphClkInit.I2c1ClockSelection = RCC_I2C1CLKSOURCE_PCLK1;
 171              		.loc 1 160 38 is_stmt 0 view .LVU48
 172 0076 0023     		movs	r3, #0
 173 0078 0293     		str	r3, [sp, #8]
 161:Core/Src/main.c ****   if (HAL_RCCEx_PeriphCLKConfig(&PeriphClkInit) != HAL_OK)
 174              		.loc 1 161 3 is_stmt 1 view .LVU49
 161:Core/Src/main.c ****   if (HAL_RCCEx_PeriphCLKConfig(&PeriphClkInit) != HAL_OK)
 175              		.loc 1 161 36 is_stmt 0 view .LVU50
 176 007a 0493     		str	r3, [sp, #16]
 162:Core/Src/main.c ****   {
 177              		.loc 1 162 3 is_stmt 1 view .LVU51
 162:Core/Src/main.c ****   {
 178              		.loc 1 162 7 is_stmt 0 view .LVU52
 179 007c 6846     		mov	r0, sp
 180 007e FFF7FEFF 		bl	HAL_RCCEx_PeriphCLKConfig
 181              	.LVL5:
 162:Core/Src/main.c ****   {
 182              		.loc 1 162 6 view .LVU53
 183 0082 0028     		cmp	r0, #0
 184 0084 05D1     		bne	.L9
 166:Core/Src/main.c **** 
 185              		.loc 1 166 1 view .LVU54
 186 0086 19B0     		add	sp, sp, #100
 187              		@ sp needed
 188 0088 00BD     		pop	{pc}
 189              	.L7:
 143:Core/Src/main.c ****   }
 190              		.loc 1 143 5 is_stmt 1 view .LVU55
 191 008a FFF7FEFF 		bl	Error_Handler
 192              	.LVL6:
 193              	.L8:
 157:Core/Src/main.c ****   }
 194              		.loc 1 157 5 view .LVU56
 195 008e FFF7FEFF 		bl	Error_Handler
 196              	.LVL7:
 197              	.L9:
ARM GAS  C:\Users\justi\AppData\Local\Temp\ccDVHBgi.s 			page 11


 164:Core/Src/main.c ****   }
 198              		.loc 1 164 5 view .LVU57
 199 0092 FFF7FEFF 		bl	Error_Handler
 200              	.LVL8:
 201              	.L11:
 202 0096 C046     		.align	2
 203              	.L10:
 204 0098 00700040 		.word	1073770496
 205 009c FFE7FFFF 		.word	-6145
 206              		.cfi_endproc
 207              	.LFE41:
 209              		.section	.text.main,"ax",%progbits
 210              		.align	1
 211              		.global	main
 212              		.syntax unified
 213              		.code	16
 214              		.thumb_func
 216              	main:
 217              	.LFB40:
  71:Core/Src/main.c ****   /* USER CODE BEGIN 1 */
 218              		.loc 1 71 1 view -0
 219              		.cfi_startproc
 220              		@ Volatile: function does not return.
 221              		@ args = 0, pretend = 0, frame = 0
 222              		@ frame_needed = 0, uses_anonymous_args = 0
 223 0000 10B5     		push	{r4, lr}
 224              		.cfi_def_cfa_offset 8
 225              		.cfi_offset 4, -8
 226              		.cfi_offset 14, -4
  79:Core/Src/main.c **** 
 227              		.loc 1 79 3 view .LVU59
 228 0002 FFF7FEFF 		bl	HAL_Init
 229              	.LVL9:
  86:Core/Src/main.c **** 
 230              		.loc 1 86 3 view .LVU60
 231 0006 FFF7FEFF 		bl	SystemClock_Config
 232              	.LVL10:
  93:Core/Src/main.c ****   MX_ADC_Init();
 233              		.loc 1 93 3 view .LVU61
 234 000a FFF7FEFF 		bl	MX_GPIO_Init
 235              	.LVL11:
  94:Core/Src/main.c ****   MX_I2C1_Init();
 236              		.loc 1 94 3 view .LVU62
 237 000e FFF7FEFF 		bl	MX_ADC_Init
 238              	.LVL12:
  95:Core/Src/main.c ****   MX_USART2_UART_Init();
 239              		.loc 1 95 3 view .LVU63
 240 0012 FFF7FEFF 		bl	MX_I2C1_Init
 241              	.LVL13:
  96:Core/Src/main.c ****   /* USER CODE BEGIN 2 */
 242              		.loc 1 96 3 view .LVU64
 243 0016 FFF7FEFF 		bl	MX_USART2_UART_Init
 244              	.LVL14:
 245              	.L13:
 103:Core/Src/main.c ****   {
 246              		.loc 1 103 3 discriminator 1 view .LVU65
 105:Core/Src/main.c ****     humid_val++;
ARM GAS  C:\Users\justi\AppData\Local\Temp\ccDVHBgi.s 			page 12


 247              		.loc 1 105 5 discriminator 1 view .LVU66
 105:Core/Src/main.c ****     humid_val++;
 248              		.loc 1 105 13 is_stmt 0 discriminator 1 view .LVU67
 249 001a 0A4A     		ldr	r2, .L14
 250 001c 1388     		ldrh	r3, [r2]
 251 001e 0133     		adds	r3, r3, #1
 252 0020 1380     		strh	r3, [r2]
 106:Core/Src/main.c ****     light_val++;
 253              		.loc 1 106 5 is_stmt 1 discriminator 1 view .LVU68
 106:Core/Src/main.c ****     light_val++;
 254              		.loc 1 106 14 is_stmt 0 discriminator 1 view .LVU69
 255 0022 094A     		ldr	r2, .L14+4
 256 0024 1388     		ldrh	r3, [r2]
 257 0026 0133     		adds	r3, r3, #1
 258 0028 1380     		strh	r3, [r2]
 107:Core/Src/main.c ****     battery_val++;
 259              		.loc 1 107 5 is_stmt 1 discriminator 1 view .LVU70
 107:Core/Src/main.c ****     battery_val++;
 260              		.loc 1 107 14 is_stmt 0 discriminator 1 view .LVU71
 261 002a 084A     		ldr	r2, .L14+8
 262 002c 1388     		ldrh	r3, [r2]
 263 002e 0133     		adds	r3, r3, #1
 264 0030 1380     		strh	r3, [r2]
 108:Core/Src/main.c ****     HAL_Delay(1000);
 265              		.loc 1 108 5 is_stmt 1 discriminator 1 view .LVU72
 108:Core/Src/main.c ****     HAL_Delay(1000);
 266              		.loc 1 108 16 is_stmt 0 discriminator 1 view .LVU73
 267 0032 074A     		ldr	r2, .L14+12
 268 0034 1388     		ldrh	r3, [r2]
 269 0036 0133     		adds	r3, r3, #1
 270 0038 1380     		strh	r3, [r2]
 109:Core/Src/main.c ****     /* USER CODE END WHILE */
 271              		.loc 1 109 5 is_stmt 1 discriminator 1 view .LVU74
 272 003a FA20     		movs	r0, #250
 273 003c 8000     		lsls	r0, r0, #2
 274 003e FFF7FEFF 		bl	HAL_Delay
 275              	.LVL15:
 103:Core/Src/main.c ****   {
 276              		.loc 1 103 9 discriminator 1 view .LVU75
 277 0042 EAE7     		b	.L13
 278              	.L15:
 279              		.align	2
 280              	.L14:
 281 0044 00000000 		.word	temp_val
 282 0048 00000000 		.word	humid_val
 283 004c 00000000 		.word	light_val
 284 0050 00000000 		.word	battery_val
 285              		.cfi_endproc
 286              	.LFE40:
 288              		.global	battery_val
 289              		.section	.bss.battery_val,"aw",%nobits
 290              		.align	1
 293              	battery_val:
 294 0000 0000     		.space	2
 295              		.global	light_val
 296              		.section	.bss.light_val,"aw",%nobits
 297              		.align	1
ARM GAS  C:\Users\justi\AppData\Local\Temp\ccDVHBgi.s 			page 13


 300              	light_val:
 301 0000 0000     		.space	2
 302              		.global	humid_val
 303              		.section	.bss.humid_val,"aw",%nobits
 304              		.align	1
 307              	humid_val:
 308 0000 0000     		.space	2
 309              		.global	temp_val
 310              		.section	.bss.temp_val,"aw",%nobits
 311              		.align	1
 314              	temp_val:
 315 0000 0000     		.space	2
 316              		.text
 317              	.Letext0:
 318              		.file 3 "c:\\users\\justi\\appdata\\roaming\\code\\user\\globalstorage\\bmd.stm32-for-vscode\\@xpa
 319              		.file 4 "c:\\users\\justi\\appdata\\roaming\\code\\user\\globalstorage\\bmd.stm32-for-vscode\\@xpa
 320              		.file 5 "Drivers/CMSIS/Device/ST/STM32L0xx/Include/stm32l010x4.h"
 321              		.file 6 "Drivers/STM32L0xx_HAL_Driver/Inc/stm32l0xx_hal_def.h"
 322              		.file 7 "Drivers/STM32L0xx_HAL_Driver/Inc/stm32l0xx_hal_rcc.h"
 323              		.file 8 "Drivers/STM32L0xx_HAL_Driver/Inc/stm32l0xx_hal_rcc_ex.h"
 324              		.file 9 "Core/Inc/usart.h"
 325              		.file 10 "Core/Inc/i2c.h"
 326              		.file 11 "Core/Inc/adc.h"
 327              		.file 12 "Core/Inc/gpio.h"
 328              		.file 13 "Drivers/STM32L0xx_HAL_Driver/Inc/stm32l0xx_hal.h"
 329              		.file 14 "<built-in>"
ARM GAS  C:\Users\justi\AppData\Local\Temp\ccDVHBgi.s 			page 14


DEFINED SYMBOLS
                            *ABS*:00000000 main.c
C:\Users\justi\AppData\Local\Temp\ccDVHBgi.s:19     .text.Error_Handler:00000000 $t
C:\Users\justi\AppData\Local\Temp\ccDVHBgi.s:25     .text.Error_Handler:00000000 Error_Handler
C:\Users\justi\AppData\Local\Temp\ccDVHBgi.s:57     .text.SystemClock_Config:00000000 $t
C:\Users\justi\AppData\Local\Temp\ccDVHBgi.s:63     .text.SystemClock_Config:00000000 SystemClock_Config
C:\Users\justi\AppData\Local\Temp\ccDVHBgi.s:204    .text.SystemClock_Config:00000098 $d
C:\Users\justi\AppData\Local\Temp\ccDVHBgi.s:210    .text.main:00000000 $t
C:\Users\justi\AppData\Local\Temp\ccDVHBgi.s:216    .text.main:00000000 main
C:\Users\justi\AppData\Local\Temp\ccDVHBgi.s:281    .text.main:00000044 $d
C:\Users\justi\AppData\Local\Temp\ccDVHBgi.s:314    .bss.temp_val:00000000 temp_val
C:\Users\justi\AppData\Local\Temp\ccDVHBgi.s:307    .bss.humid_val:00000000 humid_val
C:\Users\justi\AppData\Local\Temp\ccDVHBgi.s:300    .bss.light_val:00000000 light_val
C:\Users\justi\AppData\Local\Temp\ccDVHBgi.s:293    .bss.battery_val:00000000 battery_val
C:\Users\justi\AppData\Local\Temp\ccDVHBgi.s:290    .bss.battery_val:00000000 $d
C:\Users\justi\AppData\Local\Temp\ccDVHBgi.s:297    .bss.light_val:00000000 $d
C:\Users\justi\AppData\Local\Temp\ccDVHBgi.s:304    .bss.humid_val:00000000 $d
C:\Users\justi\AppData\Local\Temp\ccDVHBgi.s:311    .bss.temp_val:00000000 $d

UNDEFINED SYMBOLS
memset
HAL_RCC_OscConfig
HAL_RCC_ClockConfig
HAL_RCCEx_PeriphCLKConfig
HAL_Init
MX_GPIO_Init
MX_ADC_Init
MX_I2C1_Init
MX_USART2_UART_Init
HAL_Delay
