ARM GAS  C:\Users\justi\AppData\Local\Temp\cc09ULFs.s 			page 1


   1              		.cpu cortex-m4
   2              		.arch armv7e-m
   3              		.fpu fpv4-sp-d16
   4              		.eabi_attribute 27, 1
   5              		.eabi_attribute 28, 1
   6              		.eabi_attribute 20, 1
   7              		.eabi_attribute 21, 1
   8              		.eabi_attribute 23, 3
   9              		.eabi_attribute 24, 1
  10              		.eabi_attribute 25, 1
  11              		.eabi_attribute 26, 1
  12              		.eabi_attribute 30, 1
  13              		.eabi_attribute 34, 1
  14              		.eabi_attribute 18, 4
  15              		.file	"gpio.c"
  16              		.text
  17              	.Ltext0:
  18              		.cfi_sections	.debug_frame
  19              		.file 1 "Core/Src/gpio.c"
  20              		.section	.text.MX_GPIO_Init,"ax",%progbits
  21              		.align	1
  22              		.global	MX_GPIO_Init
  23              		.syntax unified
  24              		.thumb
  25              		.thumb_func
  27              	MX_GPIO_Init:
  28              	.LFB130:
   1:Core/Src/gpio.c **** /* USER CODE BEGIN Header */
   2:Core/Src/gpio.c **** /**
   3:Core/Src/gpio.c ****   ******************************************************************************
   4:Core/Src/gpio.c ****   * @file    gpio.c
   5:Core/Src/gpio.c ****   * @brief   This file provides code for the configuration
   6:Core/Src/gpio.c ****   *          of all used GPIO pins.
   7:Core/Src/gpio.c ****   ******************************************************************************
   8:Core/Src/gpio.c ****   * @attention
   9:Core/Src/gpio.c ****   *
  10:Core/Src/gpio.c ****   * Copyright (c) 2024 STMicroelectronics.
  11:Core/Src/gpio.c ****   * All rights reserved.
  12:Core/Src/gpio.c ****   *
  13:Core/Src/gpio.c ****   * This software is licensed under terms that can be found in the LICENSE file
  14:Core/Src/gpio.c ****   * in the root directory of this software component.
  15:Core/Src/gpio.c ****   * If no LICENSE file comes with this software, it is provided AS-IS.
  16:Core/Src/gpio.c ****   *
  17:Core/Src/gpio.c ****   ******************************************************************************
  18:Core/Src/gpio.c ****   */
  19:Core/Src/gpio.c **** /* USER CODE END Header */
  20:Core/Src/gpio.c **** 
  21:Core/Src/gpio.c **** /* Includes ------------------------------------------------------------------*/
  22:Core/Src/gpio.c **** #include "gpio.h"
  23:Core/Src/gpio.c **** 
  24:Core/Src/gpio.c **** /* USER CODE BEGIN 0 */
  25:Core/Src/gpio.c **** 
  26:Core/Src/gpio.c **** /* USER CODE END 0 */
  27:Core/Src/gpio.c **** 
  28:Core/Src/gpio.c **** /*----------------------------------------------------------------------------*/
  29:Core/Src/gpio.c **** /* Configure GPIO                                                             */
  30:Core/Src/gpio.c **** /*----------------------------------------------------------------------------*/
ARM GAS  C:\Users\justi\AppData\Local\Temp\cc09ULFs.s 			page 2


  31:Core/Src/gpio.c **** /* USER CODE BEGIN 1 */
  32:Core/Src/gpio.c **** 
  33:Core/Src/gpio.c **** /* USER CODE END 1 */
  34:Core/Src/gpio.c **** 
  35:Core/Src/gpio.c **** /** Configure pins as
  36:Core/Src/gpio.c ****         * Analog
  37:Core/Src/gpio.c ****         * Input
  38:Core/Src/gpio.c ****         * Output
  39:Core/Src/gpio.c ****         * EVENT_OUT
  40:Core/Src/gpio.c ****         * EXTI
  41:Core/Src/gpio.c **** */
  42:Core/Src/gpio.c **** void MX_GPIO_Init(void)
  43:Core/Src/gpio.c **** {
  29              		.loc 1 43 1 view -0
  30              		.cfi_startproc
  31              		@ args = 0, pretend = 0, frame = 40
  32              		@ frame_needed = 0, uses_anonymous_args = 0
  33 0000 2DE9F041 		push	{r4, r5, r6, r7, r8, lr}
  34              		.cfi_def_cfa_offset 24
  35              		.cfi_offset 4, -24
  36              		.cfi_offset 5, -20
  37              		.cfi_offset 6, -16
  38              		.cfi_offset 7, -12
  39              		.cfi_offset 8, -8
  40              		.cfi_offset 14, -4
  41 0004 8AB0     		sub	sp, sp, #40
  42              		.cfi_def_cfa_offset 64
  44:Core/Src/gpio.c **** 
  45:Core/Src/gpio.c ****   GPIO_InitTypeDef GPIO_InitStruct = {0};
  43              		.loc 1 45 3 view .LVU1
  44              		.loc 1 45 20 is_stmt 0 view .LVU2
  45 0006 0024     		movs	r4, #0
  46 0008 0594     		str	r4, [sp, #20]
  47 000a 0694     		str	r4, [sp, #24]
  48 000c 0794     		str	r4, [sp, #28]
  49 000e 0894     		str	r4, [sp, #32]
  50 0010 0994     		str	r4, [sp, #36]
  46:Core/Src/gpio.c **** 
  47:Core/Src/gpio.c ****   /* GPIO Ports Clock Enable */
  48:Core/Src/gpio.c ****   __HAL_RCC_GPIOC_CLK_ENABLE();
  51              		.loc 1 48 3 is_stmt 1 view .LVU3
  52              	.LBB2:
  53              		.loc 1 48 3 view .LVU4
  54 0012 0094     		str	r4, [sp]
  55              		.loc 1 48 3 view .LVU5
  56 0014 384B     		ldr	r3, .L3
  57 0016 1A6B     		ldr	r2, [r3, #48]
  58 0018 42F00402 		orr	r2, r2, #4
  59 001c 1A63     		str	r2, [r3, #48]
  60              		.loc 1 48 3 view .LVU6
  61 001e 1A6B     		ldr	r2, [r3, #48]
  62 0020 02F00402 		and	r2, r2, #4
  63 0024 0092     		str	r2, [sp]
  64              		.loc 1 48 3 view .LVU7
  65 0026 009A     		ldr	r2, [sp]
  66              	.LBE2:
  67              		.loc 1 48 3 view .LVU8
ARM GAS  C:\Users\justi\AppData\Local\Temp\cc09ULFs.s 			page 3


  49:Core/Src/gpio.c ****   __HAL_RCC_GPIOH_CLK_ENABLE();
  68              		.loc 1 49 3 view .LVU9
  69              	.LBB3:
  70              		.loc 1 49 3 view .LVU10
  71 0028 0194     		str	r4, [sp, #4]
  72              		.loc 1 49 3 view .LVU11
  73 002a 1A6B     		ldr	r2, [r3, #48]
  74 002c 42F08002 		orr	r2, r2, #128
  75 0030 1A63     		str	r2, [r3, #48]
  76              		.loc 1 49 3 view .LVU12
  77 0032 1A6B     		ldr	r2, [r3, #48]
  78 0034 02F08002 		and	r2, r2, #128
  79 0038 0192     		str	r2, [sp, #4]
  80              		.loc 1 49 3 view .LVU13
  81 003a 019A     		ldr	r2, [sp, #4]
  82              	.LBE3:
  83              		.loc 1 49 3 view .LVU14
  50:Core/Src/gpio.c ****   __HAL_RCC_GPIOA_CLK_ENABLE();
  84              		.loc 1 50 3 view .LVU15
  85              	.LBB4:
  86              		.loc 1 50 3 view .LVU16
  87 003c 0294     		str	r4, [sp, #8]
  88              		.loc 1 50 3 view .LVU17
  89 003e 1A6B     		ldr	r2, [r3, #48]
  90 0040 42F00102 		orr	r2, r2, #1
  91 0044 1A63     		str	r2, [r3, #48]
  92              		.loc 1 50 3 view .LVU18
  93 0046 1A6B     		ldr	r2, [r3, #48]
  94 0048 02F00102 		and	r2, r2, #1
  95 004c 0292     		str	r2, [sp, #8]
  96              		.loc 1 50 3 view .LVU19
  97 004e 029A     		ldr	r2, [sp, #8]
  98              	.LBE4:
  99              		.loc 1 50 3 view .LVU20
  51:Core/Src/gpio.c ****   __HAL_RCC_GPIOB_CLK_ENABLE();
 100              		.loc 1 51 3 view .LVU21
 101              	.LBB5:
 102              		.loc 1 51 3 view .LVU22
 103 0050 0394     		str	r4, [sp, #12]
 104              		.loc 1 51 3 view .LVU23
 105 0052 1A6B     		ldr	r2, [r3, #48]
 106 0054 42F00202 		orr	r2, r2, #2
 107 0058 1A63     		str	r2, [r3, #48]
 108              		.loc 1 51 3 view .LVU24
 109 005a 1A6B     		ldr	r2, [r3, #48]
 110 005c 02F00202 		and	r2, r2, #2
 111 0060 0392     		str	r2, [sp, #12]
 112              		.loc 1 51 3 view .LVU25
 113 0062 039A     		ldr	r2, [sp, #12]
 114              	.LBE5:
 115              		.loc 1 51 3 view .LVU26
  52:Core/Src/gpio.c ****   __HAL_RCC_GPIOD_CLK_ENABLE();
 116              		.loc 1 52 3 view .LVU27
 117              	.LBB6:
 118              		.loc 1 52 3 view .LVU28
 119 0064 0494     		str	r4, [sp, #16]
 120              		.loc 1 52 3 view .LVU29
ARM GAS  C:\Users\justi\AppData\Local\Temp\cc09ULFs.s 			page 4


 121 0066 1A6B     		ldr	r2, [r3, #48]
 122 0068 42F00802 		orr	r2, r2, #8
 123 006c 1A63     		str	r2, [r3, #48]
 124              		.loc 1 52 3 view .LVU30
 125 006e 1B6B     		ldr	r3, [r3, #48]
 126 0070 03F00803 		and	r3, r3, #8
 127 0074 0493     		str	r3, [sp, #16]
 128              		.loc 1 52 3 view .LVU31
 129 0076 049B     		ldr	r3, [sp, #16]
 130              	.LBE6:
 131              		.loc 1 52 3 view .LVU32
  53:Core/Src/gpio.c **** 
  54:Core/Src/gpio.c ****   /*Configure GPIO pin Output Level */
  55:Core/Src/gpio.c ****   HAL_GPIO_WritePin(GPIOC, LCD_RS_Pin|LCD_E_Pin, GPIO_PIN_RESET);
 132              		.loc 1 55 3 view .LVU33
 133 0078 DFF88880 		ldr	r8, .L3+12
 134 007c 2246     		mov	r2, r4
 135 007e 4FF44041 		mov	r1, #49152
 136 0082 4046     		mov	r0, r8
 137 0084 FFF7FEFF 		bl	HAL_GPIO_WritePin
 138              	.LVL0:
  56:Core/Src/gpio.c **** 
  57:Core/Src/gpio.c ****   /*Configure GPIO pin Output Level */
  58:Core/Src/gpio.c ****   HAL_GPIO_WritePin(GPIOB, LED0_Pin|LED1_Pin|LED2_Pin|LED3_Pin
 139              		.loc 1 58 3 view .LVU34
 140 0088 1C4F     		ldr	r7, .L3+4
 141 008a 2246     		mov	r2, r4
 142 008c 40F2FF31 		movw	r1, #1023
 143 0090 3846     		mov	r0, r7
 144 0092 FFF7FEFF 		bl	HAL_GPIO_WritePin
 145              	.LVL1:
  59:Core/Src/gpio.c ****                           |LED4_Pin|LED5_Pin|LED6_Pin|LED7_Pin
  60:Core/Src/gpio.c ****                           |LCD_D4_Pin|LCD_D5_Pin, GPIO_PIN_RESET);
  61:Core/Src/gpio.c **** 
  62:Core/Src/gpio.c ****   /*Configure GPIO pin Output Level */
  63:Core/Src/gpio.c ****   HAL_GPIO_WritePin(GPIOA, LCD_D6_Pin|LCD_D7_Pin, GPIO_PIN_RESET);
 146              		.loc 1 63 3 view .LVU35
 147 0096 1A4E     		ldr	r6, .L3+8
 148 0098 2246     		mov	r2, r4
 149 009a 4FF41041 		mov	r1, #36864
 150 009e 3046     		mov	r0, r6
 151 00a0 FFF7FEFF 		bl	HAL_GPIO_WritePin
 152              	.LVL2:
  64:Core/Src/gpio.c **** 
  65:Core/Src/gpio.c ****   /*Configure GPIO pins : PCPin PCPin */
  66:Core/Src/gpio.c ****   GPIO_InitStruct.Pin = LCD_RS_Pin|LCD_E_Pin;
 153              		.loc 1 66 3 view .LVU36
 154              		.loc 1 66 23 is_stmt 0 view .LVU37
 155 00a4 4FF44043 		mov	r3, #49152
 156 00a8 0593     		str	r3, [sp, #20]
  67:Core/Src/gpio.c ****   GPIO_InitStruct.Mode = GPIO_MODE_OUTPUT_PP;
 157              		.loc 1 67 3 is_stmt 1 view .LVU38
 158              		.loc 1 67 24 is_stmt 0 view .LVU39
 159 00aa 0125     		movs	r5, #1
 160 00ac 0695     		str	r5, [sp, #24]
  68:Core/Src/gpio.c ****   GPIO_InitStruct.Pull = GPIO_NOPULL;
 161              		.loc 1 68 3 is_stmt 1 view .LVU40
ARM GAS  C:\Users\justi\AppData\Local\Temp\cc09ULFs.s 			page 5


 162              		.loc 1 68 24 is_stmt 0 view .LVU41
 163 00ae 0794     		str	r4, [sp, #28]
  69:Core/Src/gpio.c ****   GPIO_InitStruct.Speed = GPIO_SPEED_FREQ_LOW;
 164              		.loc 1 69 3 is_stmt 1 view .LVU42
 165              		.loc 1 69 25 is_stmt 0 view .LVU43
 166 00b0 0894     		str	r4, [sp, #32]
  70:Core/Src/gpio.c ****   HAL_GPIO_Init(GPIOC, &GPIO_InitStruct);
 167              		.loc 1 70 3 is_stmt 1 view .LVU44
 168 00b2 05A9     		add	r1, sp, #20
 169 00b4 4046     		mov	r0, r8
 170 00b6 FFF7FEFF 		bl	HAL_GPIO_Init
 171              	.LVL3:
  71:Core/Src/gpio.c **** 
  72:Core/Src/gpio.c ****   /*Configure GPIO pins : PAPin PAPin PAPin PAPin */
  73:Core/Src/gpio.c ****   GPIO_InitStruct.Pin = PUSH0_Pin|PUSH1_Pin|PUSH2_Pin|PUSH3_Pin;
 172              		.loc 1 73 3 view .LVU45
 173              		.loc 1 73 23 is_stmt 0 view .LVU46
 174 00ba 0F23     		movs	r3, #15
 175 00bc 0593     		str	r3, [sp, #20]
  74:Core/Src/gpio.c ****   GPIO_InitStruct.Mode = GPIO_MODE_INPUT;
 176              		.loc 1 74 3 is_stmt 1 view .LVU47
 177              		.loc 1 74 24 is_stmt 0 view .LVU48
 178 00be 0694     		str	r4, [sp, #24]
  75:Core/Src/gpio.c ****   GPIO_InitStruct.Pull = GPIO_PULLUP;
 179              		.loc 1 75 3 is_stmt 1 view .LVU49
 180              		.loc 1 75 24 is_stmt 0 view .LVU50
 181 00c0 0795     		str	r5, [sp, #28]
  76:Core/Src/gpio.c ****   HAL_GPIO_Init(GPIOA, &GPIO_InitStruct);
 182              		.loc 1 76 3 is_stmt 1 view .LVU51
 183 00c2 05A9     		add	r1, sp, #20
 184 00c4 3046     		mov	r0, r6
 185 00c6 FFF7FEFF 		bl	HAL_GPIO_Init
 186              	.LVL4:
  77:Core/Src/gpio.c **** 
  78:Core/Src/gpio.c ****   /*Configure GPIO pins : PBPin PBPin PBPin PBPin
  79:Core/Src/gpio.c ****                            PBPin PBPin PBPin PBPin
  80:Core/Src/gpio.c ****                            PBPin PBPin */
  81:Core/Src/gpio.c ****   GPIO_InitStruct.Pin = LED0_Pin|LED1_Pin|LED2_Pin|LED3_Pin
 187              		.loc 1 81 3 view .LVU52
 188              		.loc 1 81 23 is_stmt 0 view .LVU53
 189 00ca 40F2FF33 		movw	r3, #1023
 190 00ce 0593     		str	r3, [sp, #20]
  82:Core/Src/gpio.c ****                           |LED4_Pin|LED5_Pin|LED6_Pin|LED7_Pin
  83:Core/Src/gpio.c ****                           |LCD_D4_Pin|LCD_D5_Pin;
  84:Core/Src/gpio.c ****   GPIO_InitStruct.Mode = GPIO_MODE_OUTPUT_PP;
 191              		.loc 1 84 3 is_stmt 1 view .LVU54
 192              		.loc 1 84 24 is_stmt 0 view .LVU55
 193 00d0 0695     		str	r5, [sp, #24]
  85:Core/Src/gpio.c ****   GPIO_InitStruct.Pull = GPIO_NOPULL;
 194              		.loc 1 85 3 is_stmt 1 view .LVU56
 195              		.loc 1 85 24 is_stmt 0 view .LVU57
 196 00d2 0794     		str	r4, [sp, #28]
  86:Core/Src/gpio.c ****   GPIO_InitStruct.Speed = GPIO_SPEED_FREQ_LOW;
 197              		.loc 1 86 3 is_stmt 1 view .LVU58
 198              		.loc 1 86 25 is_stmt 0 view .LVU59
 199 00d4 0894     		str	r4, [sp, #32]
  87:Core/Src/gpio.c ****   HAL_GPIO_Init(GPIOB, &GPIO_InitStruct);
ARM GAS  C:\Users\justi\AppData\Local\Temp\cc09ULFs.s 			page 6


 200              		.loc 1 87 3 is_stmt 1 view .LVU60
 201 00d6 05A9     		add	r1, sp, #20
 202 00d8 3846     		mov	r0, r7
 203 00da FFF7FEFF 		bl	HAL_GPIO_Init
 204              	.LVL5:
  88:Core/Src/gpio.c **** 
  89:Core/Src/gpio.c ****   /*Configure GPIO pins : PAPin PAPin */
  90:Core/Src/gpio.c ****   GPIO_InitStruct.Pin = LCD_D6_Pin|LCD_D7_Pin;
 205              		.loc 1 90 3 view .LVU61
 206              		.loc 1 90 23 is_stmt 0 view .LVU62
 207 00de 4FF41043 		mov	r3, #36864
 208 00e2 0593     		str	r3, [sp, #20]
  91:Core/Src/gpio.c ****   GPIO_InitStruct.Mode = GPIO_MODE_OUTPUT_PP;
 209              		.loc 1 91 3 is_stmt 1 view .LVU63
 210              		.loc 1 91 24 is_stmt 0 view .LVU64
 211 00e4 0695     		str	r5, [sp, #24]
  92:Core/Src/gpio.c ****   GPIO_InitStruct.Pull = GPIO_NOPULL;
 212              		.loc 1 92 3 is_stmt 1 view .LVU65
 213              		.loc 1 92 24 is_stmt 0 view .LVU66
 214 00e6 0794     		str	r4, [sp, #28]
  93:Core/Src/gpio.c ****   GPIO_InitStruct.Speed = GPIO_SPEED_FREQ_LOW;
 215              		.loc 1 93 3 is_stmt 1 view .LVU67
 216              		.loc 1 93 25 is_stmt 0 view .LVU68
 217 00e8 0894     		str	r4, [sp, #32]
  94:Core/Src/gpio.c ****   HAL_GPIO_Init(GPIOA, &GPIO_InitStruct);
 218              		.loc 1 94 3 is_stmt 1 view .LVU69
 219 00ea 05A9     		add	r1, sp, #20
 220 00ec 3046     		mov	r0, r6
 221 00ee FFF7FEFF 		bl	HAL_GPIO_Init
 222              	.LVL6:
  95:Core/Src/gpio.c **** 
  96:Core/Src/gpio.c **** }
 223              		.loc 1 96 1 is_stmt 0 view .LVU70
 224 00f2 0AB0     		add	sp, sp, #40
 225              		.cfi_def_cfa_offset 24
 226              		@ sp needed
 227 00f4 BDE8F081 		pop	{r4, r5, r6, r7, r8, pc}
 228              	.L4:
 229              		.align	2
 230              	.L3:
 231 00f8 00380240 		.word	1073887232
 232 00fc 00040240 		.word	1073873920
 233 0100 00000240 		.word	1073872896
 234 0104 00080240 		.word	1073874944
 235              		.cfi_endproc
 236              	.LFE130:
 238              		.text
 239              	.Letext0:
 240              		.file 2 "c:\\users\\justi\\appdata\\roaming\\code\\user\\globalstorage\\bmd.stm32-for-vscode\\@xpa
 241              		.file 3 "c:\\users\\justi\\appdata\\roaming\\code\\user\\globalstorage\\bmd.stm32-for-vscode\\@xpa
 242              		.file 4 "Drivers/CMSIS/Device/ST/STM32F4xx/Include/stm32f446xx.h"
 243              		.file 5 "Drivers/STM32F4xx_HAL_Driver/Inc/stm32f4xx_hal_gpio.h"
ARM GAS  C:\Users\justi\AppData\Local\Temp\cc09ULFs.s 			page 7


DEFINED SYMBOLS
                            *ABS*:00000000 gpio.c
C:\Users\justi\AppData\Local\Temp\cc09ULFs.s:21     .text.MX_GPIO_Init:00000000 $t
C:\Users\justi\AppData\Local\Temp\cc09ULFs.s:27     .text.MX_GPIO_Init:00000000 MX_GPIO_Init
C:\Users\justi\AppData\Local\Temp\cc09ULFs.s:231    .text.MX_GPIO_Init:000000f8 $d

UNDEFINED SYMBOLS
HAL_GPIO_WritePin
HAL_GPIO_Init
