ARM GAS  C:\Users\justi\AppData\Local\Temp\ccRtNNSR.s 			page 1


   1              		.cpu cortex-m4
   2              		.arch armv7e-m
   3              		.fpu fpv4-sp-d16
   4              		.eabi_attribute 27, 1
   5              		.eabi_attribute 28, 1
   6              		.eabi_attribute 20, 1
   7              		.eabi_attribute 21, 1
   8              		.eabi_attribute 23, 3
   9              		.eabi_attribute 24, 1
  10              		.eabi_attribute 25, 1
  11              		.eabi_attribute 26, 1
  12              		.eabi_attribute 30, 1
  13              		.eabi_attribute 34, 1
  14              		.eabi_attribute 18, 4
  15              		.file	"usart.c"
  16              		.text
  17              	.Ltext0:
  18              		.cfi_sections	.debug_frame
  19              		.file 1 "Core/Src/usart.c"
  20              		.section	.text.MX_UART5_Init,"ax",%progbits
  21              		.align	1
  22              		.global	MX_UART5_Init
  23              		.syntax unified
  24              		.thumb
  25              		.thumb_func
  27              	MX_UART5_Init:
  28              	.LFB130:
   1:Core/Src/usart.c **** /* USER CODE BEGIN Header */
   2:Core/Src/usart.c **** /**
   3:Core/Src/usart.c ****   ******************************************************************************
   4:Core/Src/usart.c ****   * @file    usart.c
   5:Core/Src/usart.c ****   * @brief   This file provides code for the configuration
   6:Core/Src/usart.c ****   *          of the USART instances.
   7:Core/Src/usart.c ****   ******************************************************************************
   8:Core/Src/usart.c ****   * @attention
   9:Core/Src/usart.c ****   *
  10:Core/Src/usart.c ****   * Copyright (c) 2024 STMicroelectronics.
  11:Core/Src/usart.c ****   * All rights reserved.
  12:Core/Src/usart.c ****   *
  13:Core/Src/usart.c ****   * This software is licensed under terms that can be found in the LICENSE file
  14:Core/Src/usart.c ****   * in the root directory of this software component.
  15:Core/Src/usart.c ****   * If no LICENSE file comes with this software, it is provided AS-IS.
  16:Core/Src/usart.c ****   *
  17:Core/Src/usart.c ****   ******************************************************************************
  18:Core/Src/usart.c ****   */
  19:Core/Src/usart.c **** /* USER CODE END Header */
  20:Core/Src/usart.c **** /* Includes ------------------------------------------------------------------*/
  21:Core/Src/usart.c **** #include "usart.h"
  22:Core/Src/usart.c **** 
  23:Core/Src/usart.c **** /* USER CODE BEGIN 0 */
  24:Core/Src/usart.c **** 
  25:Core/Src/usart.c **** /* USER CODE END 0 */
  26:Core/Src/usart.c **** 
  27:Core/Src/usart.c **** UART_HandleTypeDef huart5;
  28:Core/Src/usart.c **** 
  29:Core/Src/usart.c **** /* UART5 init function */
  30:Core/Src/usart.c **** void MX_UART5_Init(void)
ARM GAS  C:\Users\justi\AppData\Local\Temp\ccRtNNSR.s 			page 2


  31:Core/Src/usart.c **** {
  29              		.loc 1 31 1 view -0
  30              		.cfi_startproc
  31              		@ args = 0, pretend = 0, frame = 0
  32              		@ frame_needed = 0, uses_anonymous_args = 0
  33 0000 08B5     		push	{r3, lr}
  34              		.cfi_def_cfa_offset 8
  35              		.cfi_offset 3, -8
  36              		.cfi_offset 14, -4
  32:Core/Src/usart.c **** 
  33:Core/Src/usart.c ****   /* USER CODE BEGIN UART5_Init 0 */
  34:Core/Src/usart.c **** 
  35:Core/Src/usart.c ****   /* USER CODE END UART5_Init 0 */
  36:Core/Src/usart.c **** 
  37:Core/Src/usart.c ****   /* USER CODE BEGIN UART5_Init 1 */
  38:Core/Src/usart.c **** 
  39:Core/Src/usart.c ****   /* USER CODE END UART5_Init 1 */
  40:Core/Src/usart.c ****   huart5.Instance = UART5;
  37              		.loc 1 40 3 view .LVU1
  38              		.loc 1 40 19 is_stmt 0 view .LVU2
  39 0002 0A48     		ldr	r0, .L5
  40 0004 0A4B     		ldr	r3, .L5+4
  41 0006 0360     		str	r3, [r0]
  41:Core/Src/usart.c ****   huart5.Init.BaudRate = 1200;
  42              		.loc 1 41 3 is_stmt 1 view .LVU3
  43              		.loc 1 41 24 is_stmt 0 view .LVU4
  44 0008 4FF49663 		mov	r3, #1200
  45 000c 4360     		str	r3, [r0, #4]
  42:Core/Src/usart.c ****   huart5.Init.WordLength = UART_WORDLENGTH_8B;
  46              		.loc 1 42 3 is_stmt 1 view .LVU5
  47              		.loc 1 42 26 is_stmt 0 view .LVU6
  48 000e 0023     		movs	r3, #0
  49 0010 8360     		str	r3, [r0, #8]
  43:Core/Src/usart.c ****   huart5.Init.StopBits = UART_STOPBITS_1;
  50              		.loc 1 43 3 is_stmt 1 view .LVU7
  51              		.loc 1 43 24 is_stmt 0 view .LVU8
  52 0012 C360     		str	r3, [r0, #12]
  44:Core/Src/usart.c ****   huart5.Init.Parity = UART_PARITY_NONE;
  53              		.loc 1 44 3 is_stmt 1 view .LVU9
  54              		.loc 1 44 22 is_stmt 0 view .LVU10
  55 0014 0361     		str	r3, [r0, #16]
  45:Core/Src/usart.c ****   huart5.Init.Mode = UART_MODE_TX_RX;
  56              		.loc 1 45 3 is_stmt 1 view .LVU11
  57              		.loc 1 45 20 is_stmt 0 view .LVU12
  58 0016 0C22     		movs	r2, #12
  59 0018 4261     		str	r2, [r0, #20]
  46:Core/Src/usart.c ****   huart5.Init.HwFlowCtl = UART_HWCONTROL_NONE;
  60              		.loc 1 46 3 is_stmt 1 view .LVU13
  61              		.loc 1 46 25 is_stmt 0 view .LVU14
  62 001a 8361     		str	r3, [r0, #24]
  47:Core/Src/usart.c ****   huart5.Init.OverSampling = UART_OVERSAMPLING_16;
  63              		.loc 1 47 3 is_stmt 1 view .LVU15
  64              		.loc 1 47 28 is_stmt 0 view .LVU16
  65 001c C361     		str	r3, [r0, #28]
  48:Core/Src/usart.c ****   if (HAL_UART_Init(&huart5) != HAL_OK)
  66              		.loc 1 48 3 is_stmt 1 view .LVU17
  67              		.loc 1 48 7 is_stmt 0 view .LVU18
ARM GAS  C:\Users\justi\AppData\Local\Temp\ccRtNNSR.s 			page 3


  68 001e FFF7FEFF 		bl	HAL_UART_Init
  69              	.LVL0:
  70              		.loc 1 48 6 view .LVU19
  71 0022 00B9     		cbnz	r0, .L4
  72              	.L1:
  49:Core/Src/usart.c ****   {
  50:Core/Src/usart.c ****     Error_Handler();
  51:Core/Src/usart.c ****   }
  52:Core/Src/usart.c ****   /* USER CODE BEGIN UART5_Init 2 */
  53:Core/Src/usart.c **** 
  54:Core/Src/usart.c ****   /* USER CODE END UART5_Init 2 */
  55:Core/Src/usart.c **** 
  56:Core/Src/usart.c **** }
  73              		.loc 1 56 1 view .LVU20
  74 0024 08BD     		pop	{r3, pc}
  75              	.L4:
  50:Core/Src/usart.c ****   }
  76              		.loc 1 50 5 is_stmt 1 view .LVU21
  77 0026 FFF7FEFF 		bl	Error_Handler
  78              	.LVL1:
  79              		.loc 1 56 1 is_stmt 0 view .LVU22
  80 002a FBE7     		b	.L1
  81              	.L6:
  82              		.align	2
  83              	.L5:
  84 002c 00000000 		.word	huart5
  85 0030 00500040 		.word	1073762304
  86              		.cfi_endproc
  87              	.LFE130:
  89              		.section	.text.HAL_UART_MspInit,"ax",%progbits
  90              		.align	1
  91              		.global	HAL_UART_MspInit
  92              		.syntax unified
  93              		.thumb
  94              		.thumb_func
  96              	HAL_UART_MspInit:
  97              	.LVL2:
  98              	.LFB131:
  57:Core/Src/usart.c **** 
  58:Core/Src/usart.c **** void HAL_UART_MspInit(UART_HandleTypeDef* uartHandle)
  59:Core/Src/usart.c **** {
  99              		.loc 1 59 1 is_stmt 1 view -0
 100              		.cfi_startproc
 101              		@ args = 0, pretend = 0, frame = 32
 102              		@ frame_needed = 0, uses_anonymous_args = 0
 103              		.loc 1 59 1 is_stmt 0 view .LVU24
 104 0000 F0B5     		push	{r4, r5, r6, r7, lr}
 105              		.cfi_def_cfa_offset 20
 106              		.cfi_offset 4, -20
 107              		.cfi_offset 5, -16
 108              		.cfi_offset 6, -12
 109              		.cfi_offset 7, -8
 110              		.cfi_offset 14, -4
 111 0002 89B0     		sub	sp, sp, #36
 112              		.cfi_def_cfa_offset 56
  60:Core/Src/usart.c **** 
  61:Core/Src/usart.c ****   GPIO_InitTypeDef GPIO_InitStruct = {0};
ARM GAS  C:\Users\justi\AppData\Local\Temp\ccRtNNSR.s 			page 4


 113              		.loc 1 61 3 is_stmt 1 view .LVU25
 114              		.loc 1 61 20 is_stmt 0 view .LVU26
 115 0004 0023     		movs	r3, #0
 116 0006 0393     		str	r3, [sp, #12]
 117 0008 0493     		str	r3, [sp, #16]
 118 000a 0593     		str	r3, [sp, #20]
 119 000c 0693     		str	r3, [sp, #24]
 120 000e 0793     		str	r3, [sp, #28]
  62:Core/Src/usart.c ****   if(uartHandle->Instance==UART5)
 121              		.loc 1 62 3 is_stmt 1 view .LVU27
 122              		.loc 1 62 16 is_stmt 0 view .LVU28
 123 0010 0268     		ldr	r2, [r0]
 124              		.loc 1 62 5 view .LVU29
 125 0012 234B     		ldr	r3, .L11
 126 0014 9A42     		cmp	r2, r3
 127 0016 01D0     		beq	.L10
 128              	.LVL3:
 129              	.L7:
  63:Core/Src/usart.c ****   {
  64:Core/Src/usart.c ****   /* USER CODE BEGIN UART5_MspInit 0 */
  65:Core/Src/usart.c **** 
  66:Core/Src/usart.c ****   /* USER CODE END UART5_MspInit 0 */
  67:Core/Src/usart.c ****     /* UART5 clock enable */
  68:Core/Src/usart.c ****     __HAL_RCC_UART5_CLK_ENABLE();
  69:Core/Src/usart.c **** 
  70:Core/Src/usart.c ****     __HAL_RCC_GPIOC_CLK_ENABLE();
  71:Core/Src/usart.c ****     __HAL_RCC_GPIOD_CLK_ENABLE();
  72:Core/Src/usart.c ****     /**UART5 GPIO Configuration
  73:Core/Src/usart.c ****     PC12     ------> UART5_TX
  74:Core/Src/usart.c ****     PD2     ------> UART5_RX
  75:Core/Src/usart.c ****     */
  76:Core/Src/usart.c ****     GPIO_InitStruct.Pin = GPIO_PIN_12;
  77:Core/Src/usart.c ****     GPIO_InitStruct.Mode = GPIO_MODE_AF_PP;
  78:Core/Src/usart.c ****     GPIO_InitStruct.Pull = GPIO_NOPULL;
  79:Core/Src/usart.c ****     GPIO_InitStruct.Speed = GPIO_SPEED_FREQ_VERY_HIGH;
  80:Core/Src/usart.c ****     GPIO_InitStruct.Alternate = GPIO_AF8_UART5;
  81:Core/Src/usart.c ****     HAL_GPIO_Init(GPIOC, &GPIO_InitStruct);
  82:Core/Src/usart.c **** 
  83:Core/Src/usart.c ****     GPIO_InitStruct.Pin = GPIO_PIN_2;
  84:Core/Src/usart.c ****     GPIO_InitStruct.Mode = GPIO_MODE_AF_PP;
  85:Core/Src/usart.c ****     GPIO_InitStruct.Pull = GPIO_NOPULL;
  86:Core/Src/usart.c ****     GPIO_InitStruct.Speed = GPIO_SPEED_FREQ_VERY_HIGH;
  87:Core/Src/usart.c ****     GPIO_InitStruct.Alternate = GPIO_AF8_UART5;
  88:Core/Src/usart.c ****     HAL_GPIO_Init(GPIOD, &GPIO_InitStruct);
  89:Core/Src/usart.c **** 
  90:Core/Src/usart.c ****     /* UART5 interrupt Init */
  91:Core/Src/usart.c ****     HAL_NVIC_SetPriority(UART5_IRQn, 0, 0);
  92:Core/Src/usart.c ****     HAL_NVIC_EnableIRQ(UART5_IRQn);
  93:Core/Src/usart.c ****   /* USER CODE BEGIN UART5_MspInit 1 */
  94:Core/Src/usart.c **** 
  95:Core/Src/usart.c ****   /* USER CODE END UART5_MspInit 1 */
  96:Core/Src/usart.c ****   }
  97:Core/Src/usart.c **** }
 130              		.loc 1 97 1 view .LVU30
 131 0018 09B0     		add	sp, sp, #36
 132              		.cfi_remember_state
 133              		.cfi_def_cfa_offset 20
ARM GAS  C:\Users\justi\AppData\Local\Temp\ccRtNNSR.s 			page 5


 134              		@ sp needed
 135 001a F0BD     		pop	{r4, r5, r6, r7, pc}
 136              	.LVL4:
 137              	.L10:
 138              		.cfi_restore_state
  68:Core/Src/usart.c **** 
 139              		.loc 1 68 5 is_stmt 1 view .LVU31
 140              	.LBB2:
  68:Core/Src/usart.c **** 
 141              		.loc 1 68 5 view .LVU32
 142 001c 0024     		movs	r4, #0
 143 001e 0094     		str	r4, [sp]
  68:Core/Src/usart.c **** 
 144              		.loc 1 68 5 view .LVU33
 145 0020 03F5F433 		add	r3, r3, #124928
 146 0024 1A6C     		ldr	r2, [r3, #64]
 147 0026 42F48012 		orr	r2, r2, #1048576
 148 002a 1A64     		str	r2, [r3, #64]
  68:Core/Src/usart.c **** 
 149              		.loc 1 68 5 view .LVU34
 150 002c 1A6C     		ldr	r2, [r3, #64]
 151 002e 02F48012 		and	r2, r2, #1048576
 152 0032 0092     		str	r2, [sp]
  68:Core/Src/usart.c **** 
 153              		.loc 1 68 5 view .LVU35
 154 0034 009A     		ldr	r2, [sp]
 155              	.LBE2:
  68:Core/Src/usart.c **** 
 156              		.loc 1 68 5 view .LVU36
  70:Core/Src/usart.c ****     __HAL_RCC_GPIOD_CLK_ENABLE();
 157              		.loc 1 70 5 view .LVU37
 158              	.LBB3:
  70:Core/Src/usart.c ****     __HAL_RCC_GPIOD_CLK_ENABLE();
 159              		.loc 1 70 5 view .LVU38
 160 0036 0194     		str	r4, [sp, #4]
  70:Core/Src/usart.c ****     __HAL_RCC_GPIOD_CLK_ENABLE();
 161              		.loc 1 70 5 view .LVU39
 162 0038 1A6B     		ldr	r2, [r3, #48]
 163 003a 42F00402 		orr	r2, r2, #4
 164 003e 1A63     		str	r2, [r3, #48]
  70:Core/Src/usart.c ****     __HAL_RCC_GPIOD_CLK_ENABLE();
 165              		.loc 1 70 5 view .LVU40
 166 0040 1A6B     		ldr	r2, [r3, #48]
 167 0042 02F00402 		and	r2, r2, #4
 168 0046 0192     		str	r2, [sp, #4]
  70:Core/Src/usart.c ****     __HAL_RCC_GPIOD_CLK_ENABLE();
 169              		.loc 1 70 5 view .LVU41
 170 0048 019A     		ldr	r2, [sp, #4]
 171              	.LBE3:
  70:Core/Src/usart.c ****     __HAL_RCC_GPIOD_CLK_ENABLE();
 172              		.loc 1 70 5 view .LVU42
  71:Core/Src/usart.c ****     /**UART5 GPIO Configuration
 173              		.loc 1 71 5 view .LVU43
 174              	.LBB4:
  71:Core/Src/usart.c ****     /**UART5 GPIO Configuration
 175              		.loc 1 71 5 view .LVU44
 176 004a 0294     		str	r4, [sp, #8]
ARM GAS  C:\Users\justi\AppData\Local\Temp\ccRtNNSR.s 			page 6


  71:Core/Src/usart.c ****     /**UART5 GPIO Configuration
 177              		.loc 1 71 5 view .LVU45
 178 004c 1A6B     		ldr	r2, [r3, #48]
 179 004e 42F00802 		orr	r2, r2, #8
 180 0052 1A63     		str	r2, [r3, #48]
  71:Core/Src/usart.c ****     /**UART5 GPIO Configuration
 181              		.loc 1 71 5 view .LVU46
 182 0054 1B6B     		ldr	r3, [r3, #48]
 183 0056 03F00803 		and	r3, r3, #8
 184 005a 0293     		str	r3, [sp, #8]
  71:Core/Src/usart.c ****     /**UART5 GPIO Configuration
 185              		.loc 1 71 5 view .LVU47
 186 005c 029B     		ldr	r3, [sp, #8]
 187              	.LBE4:
  71:Core/Src/usart.c ****     /**UART5 GPIO Configuration
 188              		.loc 1 71 5 view .LVU48
  76:Core/Src/usart.c ****     GPIO_InitStruct.Mode = GPIO_MODE_AF_PP;
 189              		.loc 1 76 5 view .LVU49
  76:Core/Src/usart.c ****     GPIO_InitStruct.Mode = GPIO_MODE_AF_PP;
 190              		.loc 1 76 25 is_stmt 0 view .LVU50
 191 005e 4FF48053 		mov	r3, #4096
 192 0062 0393     		str	r3, [sp, #12]
  77:Core/Src/usart.c ****     GPIO_InitStruct.Pull = GPIO_NOPULL;
 193              		.loc 1 77 5 is_stmt 1 view .LVU51
  77:Core/Src/usart.c ****     GPIO_InitStruct.Pull = GPIO_NOPULL;
 194              		.loc 1 77 26 is_stmt 0 view .LVU52
 195 0064 0227     		movs	r7, #2
 196 0066 0497     		str	r7, [sp, #16]
  78:Core/Src/usart.c ****     GPIO_InitStruct.Speed = GPIO_SPEED_FREQ_VERY_HIGH;
 197              		.loc 1 78 5 is_stmt 1 view .LVU53
  79:Core/Src/usart.c ****     GPIO_InitStruct.Alternate = GPIO_AF8_UART5;
 198              		.loc 1 79 5 view .LVU54
  79:Core/Src/usart.c ****     GPIO_InitStruct.Alternate = GPIO_AF8_UART5;
 199              		.loc 1 79 27 is_stmt 0 view .LVU55
 200 0068 0326     		movs	r6, #3
 201 006a 0696     		str	r6, [sp, #24]
  80:Core/Src/usart.c ****     HAL_GPIO_Init(GPIOC, &GPIO_InitStruct);
 202              		.loc 1 80 5 is_stmt 1 view .LVU56
  80:Core/Src/usart.c ****     HAL_GPIO_Init(GPIOC, &GPIO_InitStruct);
 203              		.loc 1 80 31 is_stmt 0 view .LVU57
 204 006c 0825     		movs	r5, #8
 205 006e 0795     		str	r5, [sp, #28]
  81:Core/Src/usart.c **** 
 206              		.loc 1 81 5 is_stmt 1 view .LVU58
 207 0070 03A9     		add	r1, sp, #12
 208 0072 0C48     		ldr	r0, .L11+4
 209              	.LVL5:
  81:Core/Src/usart.c **** 
 210              		.loc 1 81 5 is_stmt 0 view .LVU59
 211 0074 FFF7FEFF 		bl	HAL_GPIO_Init
 212              	.LVL6:
  83:Core/Src/usart.c ****     GPIO_InitStruct.Mode = GPIO_MODE_AF_PP;
 213              		.loc 1 83 5 is_stmt 1 view .LVU60
  83:Core/Src/usart.c ****     GPIO_InitStruct.Mode = GPIO_MODE_AF_PP;
 214              		.loc 1 83 25 is_stmt 0 view .LVU61
 215 0078 0423     		movs	r3, #4
 216 007a 0393     		str	r3, [sp, #12]
ARM GAS  C:\Users\justi\AppData\Local\Temp\ccRtNNSR.s 			page 7


  84:Core/Src/usart.c ****     GPIO_InitStruct.Pull = GPIO_NOPULL;
 217              		.loc 1 84 5 is_stmt 1 view .LVU62
  84:Core/Src/usart.c ****     GPIO_InitStruct.Pull = GPIO_NOPULL;
 218              		.loc 1 84 26 is_stmt 0 view .LVU63
 219 007c 0497     		str	r7, [sp, #16]
  85:Core/Src/usart.c ****     GPIO_InitStruct.Speed = GPIO_SPEED_FREQ_VERY_HIGH;
 220              		.loc 1 85 5 is_stmt 1 view .LVU64
  85:Core/Src/usart.c ****     GPIO_InitStruct.Speed = GPIO_SPEED_FREQ_VERY_HIGH;
 221              		.loc 1 85 26 is_stmt 0 view .LVU65
 222 007e 0594     		str	r4, [sp, #20]
  86:Core/Src/usart.c ****     GPIO_InitStruct.Alternate = GPIO_AF8_UART5;
 223              		.loc 1 86 5 is_stmt 1 view .LVU66
  86:Core/Src/usart.c ****     GPIO_InitStruct.Alternate = GPIO_AF8_UART5;
 224              		.loc 1 86 27 is_stmt 0 view .LVU67
 225 0080 0696     		str	r6, [sp, #24]
  87:Core/Src/usart.c ****     HAL_GPIO_Init(GPIOD, &GPIO_InitStruct);
 226              		.loc 1 87 5 is_stmt 1 view .LVU68
  87:Core/Src/usart.c ****     HAL_GPIO_Init(GPIOD, &GPIO_InitStruct);
 227              		.loc 1 87 31 is_stmt 0 view .LVU69
 228 0082 0795     		str	r5, [sp, #28]
  88:Core/Src/usart.c **** 
 229              		.loc 1 88 5 is_stmt 1 view .LVU70
 230 0084 03A9     		add	r1, sp, #12
 231 0086 0848     		ldr	r0, .L11+8
 232 0088 FFF7FEFF 		bl	HAL_GPIO_Init
 233              	.LVL7:
  91:Core/Src/usart.c ****     HAL_NVIC_EnableIRQ(UART5_IRQn);
 234              		.loc 1 91 5 view .LVU71
 235 008c 2246     		mov	r2, r4
 236 008e 2146     		mov	r1, r4
 237 0090 3520     		movs	r0, #53
 238 0092 FFF7FEFF 		bl	HAL_NVIC_SetPriority
 239              	.LVL8:
  92:Core/Src/usart.c ****   /* USER CODE BEGIN UART5_MspInit 1 */
 240              		.loc 1 92 5 view .LVU72
 241 0096 3520     		movs	r0, #53
 242 0098 FFF7FEFF 		bl	HAL_NVIC_EnableIRQ
 243              	.LVL9:
 244              		.loc 1 97 1 is_stmt 0 view .LVU73
 245 009c BCE7     		b	.L7
 246              	.L12:
 247 009e 00BF     		.align	2
 248              	.L11:
 249 00a0 00500040 		.word	1073762304
 250 00a4 00080240 		.word	1073874944
 251 00a8 000C0240 		.word	1073875968
 252              		.cfi_endproc
 253              	.LFE131:
 255              		.section	.text.HAL_UART_MspDeInit,"ax",%progbits
 256              		.align	1
 257              		.global	HAL_UART_MspDeInit
 258              		.syntax unified
 259              		.thumb
 260              		.thumb_func
 262              	HAL_UART_MspDeInit:
 263              	.LVL10:
 264              	.LFB132:
ARM GAS  C:\Users\justi\AppData\Local\Temp\ccRtNNSR.s 			page 8


  98:Core/Src/usart.c **** 
  99:Core/Src/usart.c **** void HAL_UART_MspDeInit(UART_HandleTypeDef* uartHandle)
 100:Core/Src/usart.c **** {
 265              		.loc 1 100 1 is_stmt 1 view -0
 266              		.cfi_startproc
 267              		@ args = 0, pretend = 0, frame = 0
 268              		@ frame_needed = 0, uses_anonymous_args = 0
 269              		.loc 1 100 1 is_stmt 0 view .LVU75
 270 0000 08B5     		push	{r3, lr}
 271              		.cfi_def_cfa_offset 8
 272              		.cfi_offset 3, -8
 273              		.cfi_offset 14, -4
 101:Core/Src/usart.c **** 
 102:Core/Src/usart.c ****   if(uartHandle->Instance==UART5)
 274              		.loc 1 102 3 is_stmt 1 view .LVU76
 275              		.loc 1 102 16 is_stmt 0 view .LVU77
 276 0002 0268     		ldr	r2, [r0]
 277              		.loc 1 102 5 view .LVU78
 278 0004 0A4B     		ldr	r3, .L17
 279 0006 9A42     		cmp	r2, r3
 280 0008 00D0     		beq	.L16
 281              	.LVL11:
 282              	.L13:
 103:Core/Src/usart.c ****   {
 104:Core/Src/usart.c ****   /* USER CODE BEGIN UART5_MspDeInit 0 */
 105:Core/Src/usart.c **** 
 106:Core/Src/usart.c ****   /* USER CODE END UART5_MspDeInit 0 */
 107:Core/Src/usart.c ****     /* Peripheral clock disable */
 108:Core/Src/usart.c ****     __HAL_RCC_UART5_CLK_DISABLE();
 109:Core/Src/usart.c **** 
 110:Core/Src/usart.c ****     /**UART5 GPIO Configuration
 111:Core/Src/usart.c ****     PC12     ------> UART5_TX
 112:Core/Src/usart.c ****     PD2     ------> UART5_RX
 113:Core/Src/usart.c ****     */
 114:Core/Src/usart.c ****     HAL_GPIO_DeInit(GPIOC, GPIO_PIN_12);
 115:Core/Src/usart.c **** 
 116:Core/Src/usart.c ****     HAL_GPIO_DeInit(GPIOD, GPIO_PIN_2);
 117:Core/Src/usart.c **** 
 118:Core/Src/usart.c ****     /* UART5 interrupt Deinit */
 119:Core/Src/usart.c ****     HAL_NVIC_DisableIRQ(UART5_IRQn);
 120:Core/Src/usart.c ****   /* USER CODE BEGIN UART5_MspDeInit 1 */
 121:Core/Src/usart.c **** 
 122:Core/Src/usart.c ****   /* USER CODE END UART5_MspDeInit 1 */
 123:Core/Src/usart.c ****   }
 124:Core/Src/usart.c **** }
 283              		.loc 1 124 1 view .LVU79
 284 000a 08BD     		pop	{r3, pc}
 285              	.LVL12:
 286              	.L16:
 108:Core/Src/usart.c **** 
 287              		.loc 1 108 5 is_stmt 1 view .LVU80
 288 000c 094A     		ldr	r2, .L17+4
 289 000e 136C     		ldr	r3, [r2, #64]
 290 0010 23F48013 		bic	r3, r3, #1048576
 291 0014 1364     		str	r3, [r2, #64]
 114:Core/Src/usart.c **** 
 292              		.loc 1 114 5 view .LVU81
ARM GAS  C:\Users\justi\AppData\Local\Temp\ccRtNNSR.s 			page 9


 293 0016 4FF48051 		mov	r1, #4096
 294 001a 0748     		ldr	r0, .L17+8
 295              	.LVL13:
 114:Core/Src/usart.c **** 
 296              		.loc 1 114 5 is_stmt 0 view .LVU82
 297 001c FFF7FEFF 		bl	HAL_GPIO_DeInit
 298              	.LVL14:
 116:Core/Src/usart.c **** 
 299              		.loc 1 116 5 is_stmt 1 view .LVU83
 300 0020 0421     		movs	r1, #4
 301 0022 0648     		ldr	r0, .L17+12
 302 0024 FFF7FEFF 		bl	HAL_GPIO_DeInit
 303              	.LVL15:
 119:Core/Src/usart.c ****   /* USER CODE BEGIN UART5_MspDeInit 1 */
 304              		.loc 1 119 5 view .LVU84
 305 0028 3520     		movs	r0, #53
 306 002a FFF7FEFF 		bl	HAL_NVIC_DisableIRQ
 307              	.LVL16:
 308              		.loc 1 124 1 is_stmt 0 view .LVU85
 309 002e ECE7     		b	.L13
 310              	.L18:
 311              		.align	2
 312              	.L17:
 313 0030 00500040 		.word	1073762304
 314 0034 00380240 		.word	1073887232
 315 0038 00080240 		.word	1073874944
 316 003c 000C0240 		.word	1073875968
 317              		.cfi_endproc
 318              	.LFE132:
 320              		.global	huart5
 321              		.section	.bss.huart5,"aw",%nobits
 322              		.align	2
 325              	huart5:
 326 0000 00000000 		.space	68
 326      00000000 
 326      00000000 
 326      00000000 
 326      00000000 
 327              		.text
 328              	.Letext0:
 329              		.file 2 "Drivers/CMSIS/Device/ST/STM32F4xx/Include/stm32f446xx.h"
 330              		.file 3 "c:\\users\\justi\\appdata\\roaming\\code\\user\\globalstorage\\bmd.stm32-for-vscode\\@xpa
 331              		.file 4 "c:\\users\\justi\\appdata\\roaming\\code\\user\\globalstorage\\bmd.stm32-for-vscode\\@xpa
 332              		.file 5 "Drivers/STM32F4xx_HAL_Driver/Inc/stm32f4xx_hal_def.h"
 333              		.file 6 "Drivers/STM32F4xx_HAL_Driver/Inc/stm32f4xx_hal_gpio.h"
 334              		.file 7 "Drivers/STM32F4xx_HAL_Driver/Inc/stm32f4xx_hal_dma.h"
 335              		.file 8 "Drivers/STM32F4xx_HAL_Driver/Inc/stm32f4xx_hal_uart.h"
 336              		.file 9 "Drivers/STM32F4xx_HAL_Driver/Inc/stm32f4xx_hal_cortex.h"
 337              		.file 10 "Core/Inc/usart.h"
 338              		.file 11 "Core/Inc/main.h"
ARM GAS  C:\Users\justi\AppData\Local\Temp\ccRtNNSR.s 			page 10


DEFINED SYMBOLS
                            *ABS*:00000000 usart.c
C:\Users\justi\AppData\Local\Temp\ccRtNNSR.s:21     .text.MX_UART5_Init:00000000 $t
C:\Users\justi\AppData\Local\Temp\ccRtNNSR.s:27     .text.MX_UART5_Init:00000000 MX_UART5_Init
C:\Users\justi\AppData\Local\Temp\ccRtNNSR.s:84     .text.MX_UART5_Init:0000002c $d
C:\Users\justi\AppData\Local\Temp\ccRtNNSR.s:325    .bss.huart5:00000000 huart5
C:\Users\justi\AppData\Local\Temp\ccRtNNSR.s:90     .text.HAL_UART_MspInit:00000000 $t
C:\Users\justi\AppData\Local\Temp\ccRtNNSR.s:96     .text.HAL_UART_MspInit:00000000 HAL_UART_MspInit
C:\Users\justi\AppData\Local\Temp\ccRtNNSR.s:249    .text.HAL_UART_MspInit:000000a0 $d
C:\Users\justi\AppData\Local\Temp\ccRtNNSR.s:256    .text.HAL_UART_MspDeInit:00000000 $t
C:\Users\justi\AppData\Local\Temp\ccRtNNSR.s:262    .text.HAL_UART_MspDeInit:00000000 HAL_UART_MspDeInit
C:\Users\justi\AppData\Local\Temp\ccRtNNSR.s:313    .text.HAL_UART_MspDeInit:00000030 $d
C:\Users\justi\AppData\Local\Temp\ccRtNNSR.s:322    .bss.huart5:00000000 $d

UNDEFINED SYMBOLS
HAL_UART_Init
Error_Handler
HAL_GPIO_Init
HAL_NVIC_SetPriority
HAL_NVIC_EnableIRQ
HAL_GPIO_DeInit
HAL_NVIC_DisableIRQ
